#
# There is insufficient memory for the Java Runtime Environment to continue.
# Native memory allocation (malloc) failed to allocate 1647216 bytes for Chunk::new
# Possible reasons:
#   The system is out of physical RAM or swap space
#   The process is running with CompressedOops enabled, and the Java Heap may be blocking the growth of the native heap
# Possible solutions:
#   Reduce memory load on the system
#   Increase physical memory or swap space
#   Check if swap backing store is full
#   Decrease Java heap size (-Xmx/-Xms)
#   Decrease number of Java threads
#   Decrease Java thread stack sizes (-Xss)
#   Set larger code cache with -XX:ReservedCodeCacheSize=
#   JVM is running with Unscaled Compressed Oops mode in which the Java heap is
#     placed in the first 4GB address space. The Java Heap base address is the
#     maximum limit for the native heap growth. Please use -XX:HeapBaseMinAddress
#     to set the Java Heap base and to place the Java Heap above 4GB virtual address.
# This output file may be truncated or incomplete.
#
#  Out of Memory Error (arena.cpp:191), pid=564, tid=16216
#
# JRE version: OpenJDK Runtime Environment (17.0.9) (build 17.0.9+0--11185874)
# Java VM: OpenJDK 64-Bit Server VM (17.0.9+0--11185874, mixed mode, tiered, compressed oops, compressed class ptrs, g1 gc, windows-amd64)
# No core dump will be written. Minidumps are not enabled by default on client versions of Windows
#

---------------  S U M M A R Y ------------

Command Line: --add-opens=java.base/java.util=ALL-UNNAMED --add-opens=java.base/java.lang=ALL-UNNAMED --add-opens=java.base/java.lang.invoke=ALL-UNNAMED --add-opens=java.prefs/java.util.prefs=ALL-UNNAMED --add-opens=java.base/java.nio.charset=ALL-UNNAMED --add-opens=java.base/java.net=ALL-UNNAMED --add-opens=java.base/java.util.concurrent.atomic=ALL-UNNAMED -Xmx2048m -Dfile.encoding=UTF-8 -Duser.country=KR -Duser.language=ko -Duser.variant -javaagent:C:\Users\KGE\.gradle\wrapper\dists\gradle-8.4-bin\1w5dpkrfk8irigvoxmyhowfim\gradle-8.4\lib\agents\gradle-instrumentation-agent-8.4.jar org.gradle.launcher.daemon.bootstrap.GradleDaemon 8.4

Host: AMD Ryzen 5 5500U with Radeon Graphics         , 12 cores, 15G,  Windows 11 , 64 bit Build 22621 (10.0.22621.3374)
Time: Sat Jun  1 15:26:58 2024  Windows 11 , 64 bit Build 22621 (10.0.22621.3374) elapsed time: 15.253051 seconds (0d 0h 0m 15s)

---------------  T H R E A D  ---------------

Current thread (0x000002027d1fd090):  JavaThread "C2 CompilerThread1" daemon [_thread_in_native, id=16216, stack(0x000000885ca00000,0x000000885cb00000)]


Current CompileTask:
C2:  15253 7865   !   4       sun.instrument.TransformerManager::transform (100 bytes)

Stack: [0x000000885ca00000,0x000000885cb00000]
Native frames: (J=compiled Java code, j=interpreted, Vv=VM code, C=native code)
V  [jvm.dll+0x6886e9]
V  [jvm.dll+0x841e4a]
V  [jvm.dll+0x843a8e]
V  [jvm.dll+0x8440f3]
V  [jvm.dll+0x24c14f]
V  [jvm.dll+0xac44c]
V  [jvm.dll+0xaca9c]
V  [jvm.dll+0x36c1a2]
V  [jvm.dll+0x33651a]
V  [jvm.dll+0x3359ba]
V  [jvm.dll+0x21ddb1]
V  [jvm.dll+0x21d1d1]
V  [jvm.dll+0x1a674d]
V  [jvm.dll+0x22d088]
V  [jvm.dll+0x22b1c0]
V  [jvm.dll+0x7f62f7]
V  [jvm.dll+0x7f06aa]
V  [jvm.dll+0x687565]
C  [ucrtbase.dll+0x29333]
C  [KERNEL32.DLL+0x1257d]
C  [ntdll.dll+0x5aa48]


---------------  P R O C E S S  ---------------

Threads class SMR info:
_java_thread_list=0x000002027ca7e4d0, length=63, elements={
0x000002025a262040, 0x00000202745e6030, 0x00000202745e6eb0, 0x00000202745fd9d0,
0x00000202745fe2a0, 0x00000202745fee60, 0x00000202745ff820, 0x00000202746005c0,
0x00000202744167a0, 0x0000020274418cd0, 0x00000202747d7af0, 0x000002027487f720,
0x000002027af33650, 0x000002027af36f60, 0x000002027a46a5d0, 0x0000020279f26e70,
0x000002027b0d3840, 0x000002027a2221a0, 0x000002027b40bb90, 0x000002027aff2aa0,
0x000002027aff0730, 0x000002027aff0c40, 0x000002027aff2080, 0x000002027aff2590,
0x000002027aff1660, 0x000002027aff2fb0, 0x000002027aff34c0, 0x000002027aff0220,
0x000002027bf20260, 0x000002027bf24430, 0x000002027bf23500, 0x000002027bf25d80,
0x000002027bf23f20, 0x000002027d1fd090, 0x000002027bf20c80, 0x000002027bf216a0,
0x000002027bf22ff0, 0x000002027bf25360, 0x000002027bf1f840, 0x000002027bf24e50,
0x000002027bf25870, 0x000002027bf22ae0, 0x000002027bf267a0, 0x000002027bf26cb0,
0x000002027bf225d0, 0x000002027bf271c0, 0x000002027bf23a10, 0x000002027bf1fd50,
0x000002027d466d40, 0x000002027d468ba0, 0x000002027d467c70, 0x000002027d468180,
0x000002027d465e10, 0x000002027d4690b0, 0x000002027d4695c0, 0x000002027d469fe0,
0x000002027d469ad0, 0x000002027d467250, 0x000002027d46a4f0, 0x000002027d46aa00,
0x000002027d46af10, 0x000002027d46b420, 0x000002027d46b930
}

Java Threads: ( => current thread )
  0x000002025a262040 JavaThread "main" [_thread_blocked, id=8812, stack(0x0000008859700000,0x0000008859800000)]
  0x00000202745e6030 JavaThread "Reference Handler" daemon [_thread_blocked, id=4448, stack(0x0000008859e00000,0x0000008859f00000)]
  0x00000202745e6eb0 JavaThread "Finalizer" daemon [_thread_blocked, id=19136, stack(0x0000008859f00000,0x000000885a000000)]
  0x00000202745fd9d0 JavaThread "Signal Dispatcher" daemon [_thread_blocked, id=15564, stack(0x000000885a000000,0x000000885a100000)]
  0x00000202745fe2a0 JavaThread "Attach Listener" daemon [_thread_blocked, id=8368, stack(0x000000885a100000,0x000000885a200000)]
  0x00000202745fee60 JavaThread "Service Thread" daemon [_thread_blocked, id=1600, stack(0x000000885a200000,0x000000885a300000)]
  0x00000202745ff820 JavaThread "Monitor Deflation Thread" daemon [_thread_blocked, id=19452, stack(0x000000885a300000,0x000000885a400000)]
  0x00000202746005c0 JavaThread "C2 CompilerThread0" daemon [_thread_in_native, id=18504, stack(0x000000885a400000,0x000000885a500000)]
  0x00000202744167a0 JavaThread "C1 CompilerThread0" daemon [_thread_in_native, id=2832, stack(0x000000885a500000,0x000000885a600000)]
  0x0000020274418cd0 JavaThread "Sweeper thread" daemon [_thread_blocked, id=12304, stack(0x000000885a600000,0x000000885a700000)]
  0x00000202747d7af0 JavaThread "Common-Cleaner" daemon [_thread_blocked, id=11216, stack(0x000000885a700000,0x000000885a800000)]
  0x000002027487f720 JavaThread "Notification Thread" daemon [_thread_blocked, id=10140, stack(0x000000885a800000,0x000000885a900000)]
  0x000002027af33650 JavaThread "Daemon health stats" [_thread_blocked, id=16484, stack(0x000000885b000000,0x000000885b100000)]
  0x000002027af36f60 JavaThread "Incoming local TCP Connector on port 3330" [_thread_in_native, id=17560, stack(0x000000885aa00000,0x000000885ab00000)]
  0x000002027a46a5d0 JavaThread "Daemon periodic checks" [_thread_blocked, id=3164, stack(0x000000885b100000,0x000000885b200000)]
  0x0000020279f26e70 JavaThread "Daemon" [_thread_blocked, id=11856, stack(0x000000885b200000,0x000000885b300000)]
  0x000002027b0d3840 JavaThread "Handler for socket connection from /127.0.0.1:3330 to /127.0.0.1:3331" [_thread_in_native, id=9480, stack(0x000000885b300000,0x000000885b400000)]
  0x000002027a2221a0 JavaThread "Cancel handler" [_thread_blocked, id=14528, stack(0x000000885b400000,0x000000885b500000)]
  0x000002027b40bb90 JavaThread "Daemon worker" [_thread_in_Java, id=10552, stack(0x000000885b500000,0x000000885b600000)]
  0x000002027aff2aa0 JavaThread "Asynchronous log dispatcher for DefaultDaemonConnection: socket connection from /127.0.0.1:3330 to /127.0.0.1:3331" [_thread_blocked, id=4660, stack(0x000000885b600000,0x000000885b700000)]
  0x000002027aff0730 JavaThread "Stdin handler" [_thread_blocked, id=512, stack(0x000000885b700000,0x000000885b800000)]
  0x000002027aff0c40 JavaThread "Daemon client event forwarder" [_thread_blocked, id=18436, stack(0x000000885b800000,0x000000885b900000)]
  0x000002027aff2080 JavaThread "Cache worker for journal cache (C:\Users\KGE\.gradle\caches\journal-1)" [_thread_blocked, id=9816, stack(0x000000885c000000,0x000000885c100000)]
  0x000002027aff2590 JavaThread "File lock request listener" [_thread_in_native, id=18120, stack(0x000000885c100000,0x000000885c200000)]
  0x000002027aff1660 JavaThread "Cache worker for file hash cache (C:\Users\KGE\.gradle\caches\8.4\fileHashes)" [_thread_blocked, id=14476, stack(0x000000885c200000,0x000000885c300000)]
  0x000002027aff2fb0 JavaThread "File watcher server" daemon [_thread_in_native, id=11604, stack(0x000000885c400000,0x000000885c500000)]
  0x000002027aff34c0 JavaThread "File watcher consumer" daemon [_thread_blocked, id=4620, stack(0x000000885c500000,0x000000885c600000)]
  0x000002027aff0220 JavaThread "Cache worker for checksums cache (C:\Users\KGE\AndroidStudioProjects\Android\.gradle\8.4\checksums)" [_thread_blocked, id=15820, stack(0x000000885c600000,0x000000885c700000)]
  0x000002027bf20260 JavaThread "Cache worker for file hash cache (C:\Users\KGE\AndroidStudioProjects\Android\.gradle\8.4\fileHashes)" [_thread_blocked, id=18908, stack(0x000000885c300000,0x000000885c400000)]
  0x000002027bf24430 JavaThread "Cache worker for cache directory md-supplier (C:\Users\KGE\.gradle\caches\8.4\md-supplier)" [_thread_blocked, id=10112, stack(0x000000885ab00000,0x000000885ac00000)]
  0x000002027bf23500 JavaThread "Cache worker for file content cache (C:\Users\KGE\.gradle\caches\8.4\fileContent)" [_thread_blocked, id=7652, stack(0x000000885c700000,0x000000885c800000)]
  0x000002027bf25d80 JavaThread "Cache worker for cache directory md-rule (C:\Users\KGE\.gradle\caches\8.4\md-rule)" [_thread_blocked, id=14848, stack(0x000000885c800000,0x000000885c900000)]
  0x000002027bf23f20 JavaThread "Cache worker for execution history cache (C:\Users\KGE\.gradle\caches\8.4\executionHistory)" [_thread_blocked, id=17148, stack(0x000000885c900000,0x000000885ca00000)]
=>0x000002027d1fd090 JavaThread "C2 CompilerThread1" daemon [_thread_in_native, id=16216, stack(0x000000885ca00000,0x000000885cb00000)]
  0x000002027bf20c80 JavaThread "Cache worker for kotlin-dsl (C:\Users\KGE\.gradle\caches\8.4\kotlin-dsl)" [_thread_blocked, id=12848, stack(0x000000885cc00000,0x000000885cd00000)]
  0x000002027bf216a0 JavaThread "jar transforms" [_thread_blocked, id=19160, stack(0x000000885cd00000,0x000000885ce00000)]
  0x000002027bf22ff0 JavaThread "jar transforms Thread 2" [_thread_blocked, id=16208, stack(0x000000885ce00000,0x000000885cf00000)]
  0x000002027bf25360 JavaThread "jar transforms Thread 3" [_thread_blocked, id=15172, stack(0x000000885cf00000,0x000000885d000000)]
  0x000002027bf1f840 JavaThread "jar transforms Thread 4" [_thread_blocked, id=13000, stack(0x000000885d000000,0x000000885d100000)]
  0x000002027bf24e50 JavaThread "Cache worker for dependencies-accessors (C:\Users\KGE\AndroidStudioProjects\Android\.gradle\8.4\dependencies-accessors)" [_thread_blocked, id=2768, stack(0x000000885d100000,0x000000885d200000)]
  0x000002027bf25870 JavaThread "Cache worker for Build Output Cleanup Cache (C:\Users\KGE\AndroidStudioProjects\Android\.gradle\buildOutputCleanup)" [_thread_blocked, id=17368, stack(0x000000885d200000,0x000000885d300000)]
  0x000002027bf22ae0 JavaThread "jar transforms Thread 5" [_thread_blocked, id=4764, stack(0x000000885d300000,0x000000885d400000)]
  0x000002027bf267a0 JavaThread "jar transforms Thread 6" [_thread_blocked, id=8092, stack(0x000000885d400000,0x000000885d500000)]
  0x000002027bf26cb0 JavaThread "Unconstrained build operations" [_thread_blocked, id=14764, stack(0x000000885d500000,0x000000885d600000)]
  0x000002027bf225d0 JavaThread "Unconstrained build operations Thread 2" [_thread_blocked, id=9576, stack(0x000000885d600000,0x000000885d700000)]
  0x000002027bf271c0 JavaThread "Unconstrained build operations Thread 3" [_thread_blocked, id=19396, stack(0x000000885d700000,0x000000885d800000)]
  0x000002027bf23a10 JavaThread "Unconstrained build operations Thread 4" [_thread_blocked, id=308, stack(0x000000885d800000,0x000000885d900000)]
  0x000002027bf1fd50 JavaThread "Unconstrained build operations Thread 5" [_thread_blocked, id=11148, stack(0x000000885d900000,0x000000885da00000)]
  0x000002027d466d40 JavaThread "Unconstrained build operations Thread 6" [_thread_blocked, id=13956, stack(0x000000885da00000,0x000000885db00000)]
  0x000002027d468ba0 JavaThread "Unconstrained build operations Thread 7" [_thread_blocked, id=14840, stack(0x000000885db00000,0x000000885dc00000)]
  0x000002027d467c70 JavaThread "Unconstrained build operations Thread 8" [_thread_blocked, id=18484, stack(0x000000885dc00000,0x000000885dd00000)]
  0x000002027d468180 JavaThread "Unconstrained build operations Thread 9" [_thread_blocked, id=9416, stack(0x000000885dd00000,0x000000885de00000)]
  0x000002027d465e10 JavaThread "Unconstrained build operations Thread 10" [_thread_blocked, id=6524, stack(0x000000885de00000,0x000000885df00000)]
  0x000002027d4690b0 JavaThread "Unconstrained build operations Thread 11" [_thread_blocked, id=8980, stack(0x000000885df00000,0x000000885e000000)]
  0x000002027d4695c0 JavaThread "jar transforms Thread 7" [_thread_blocked, id=10716, stack(0x000000885e000000,0x000000885e100000)]
  0x000002027d469fe0 JavaThread "jar transforms Thread 8" [_thread_blocked, id=4128, stack(0x000000885e100000,0x000000885e200000)]
  0x000002027d469ad0 JavaThread "jar transforms Thread 9" [_thread_blocked, id=19180, stack(0x000000885e200000,0x000000885e300000)]
  0x000002027d467250 JavaThread "jar transforms Thread 10" [_thread_blocked, id=16756, stack(0x000000885e300000,0x000000885e400000)]
  0x000002027d46a4f0 JavaThread "jar transforms Thread 11" [_thread_blocked, id=18712, stack(0x000000885e400000,0x000000885e500000)]
  0x000002027d46aa00 JavaThread "jar transforms Thread 12" [_thread_blocked, id=17164, stack(0x000000885e500000,0x000000885e600000)]
  0x000002027d46af10 JavaThread "build event listener" [_thread_blocked, id=18192, stack(0x000000885ec00000,0x000000885ed00000)]
  0x000002027d46b420 JavaThread "Memory manager" [_thread_blocked, id=18368, stack(0x000000885cb00000,0x000000885cc00000)]
  0x000002027d46b930 JavaThread "build event listener" [_thread_blocked, id=17320, stack(0x000000885ed00000,0x000000885ee00000)]

Other Threads:
  0x0000020274403690 VMThread "VM Thread" [stack: 0x0000008859d00000,0x0000008859e00000] [id=16116]
  0x000002025a262ec0 WatcherThread [stack: 0x000000885a900000,0x000000885aa00000] [id=19220]
  0x000002025816e880 GCTaskThread "GC Thread#0" [stack: 0x0000008859800000,0x0000008859900000] [id=10384]
  0x00000202799907a0 GCTaskThread "GC Thread#1" [stack: 0x000000885ac00000,0x000000885ad00000] [id=17820]
  0x000002027998d930 GCTaskThread "GC Thread#2" [stack: 0x000000885ad00000,0x000000885ae00000] [id=2644]
  0x00000202796d3cd0 GCTaskThread "GC Thread#3" [stack: 0x000000885ae00000,0x000000885af00000] [id=13968]
  0x000002027a05fc80 GCTaskThread "GC Thread#4" [stack: 0x000000885af00000,0x000000885b000000] [id=13960]
  0x0000020279f9e0b0 GCTaskThread "GC Thread#5" [stack: 0x000000885b900000,0x000000885ba00000] [id=14324]
  0x0000020279f9e370 GCTaskThread "GC Thread#6" [stack: 0x000000885ba00000,0x000000885bb00000] [id=9400]
  0x0000020279f9e630 GCTaskThread "GC Thread#7" [stack: 0x000000885bb00000,0x000000885bc00000] [id=14536]
  0x0000020279f9ebb0 GCTaskThread "GC Thread#8" [stack: 0x000000885bc00000,0x000000885bd00000] [id=18496]
  0x0000020279f9f3f0 GCTaskThread "GC Thread#9" [stack: 0x000000885bd00000,0x000000885be00000] [id=10688]
  0x000002025a2ca880 ConcurrentGCThread "G1 Main Marker" [stack: 0x0000008859900000,0x0000008859a00000] [id=19164]
  0x000002025a2cb1b0 ConcurrentGCThread "G1 Conc#0" [stack: 0x0000008859a00000,0x0000008859b00000] [id=18764]
  0x0000020279f9e8f0 ConcurrentGCThread "G1 Conc#1" [stack: 0x000000885be00000,0x000000885bf00000] [id=9752]
  0x0000020279f9f6b0 ConcurrentGCThread "G1 Conc#2" [stack: 0x000000885bf00000,0x000000885c000000] [id=7416]
  0x00000202742ef1e0 ConcurrentGCThread "G1 Refine#0" [stack: 0x0000008859b00000,0x0000008859c00000] [id=13416]
  0x000002027adf8650 ConcurrentGCThread "G1 Refine#1" [stack: 0x000000885e600000,0x000000885e700000] [id=9956]
  0x000002027adf8c30 ConcurrentGCThread "G1 Refine#2" [stack: 0x000000885e700000,0x000000885e800000] [id=16836]
  0x000002027adf71c0 ConcurrentGCThread "G1 Refine#3" [stack: 0x000000885e800000,0x000000885e900000] [id=13452]
  0x000002027adf77a0 ConcurrentGCThread "G1 Refine#4" [stack: 0x000000885e900000,0x000000885ea00000] [id=16560]
  0x000002027adf7a90 ConcurrentGCThread "G1 Refine#5" [stack: 0x000000885ea00000,0x000000885eb00000] [id=568]
  0x000002027adf7d80 ConcurrentGCThread "G1 Refine#6" [stack: 0x000000885eb00000,0x000000885ec00000] [id=9204]
  0x00000202742efb20 ConcurrentGCThread "G1 Service" [stack: 0x0000008859c00000,0x0000008859d00000] [id=10592]

Threads with active compile tasks:
C2 CompilerThread0    15303 7863       4       sun.instrument.InstrumentationImpl::transform (73 bytes)
C1 CompilerThread0    15303 7930       3       org.apache.commons.lang.StringUtils::containsAny (128 bytes)
C2 CompilerThread1    15303 7865   !   4       sun.instrument.TransformerManager::transform (100 bytes)

VM state: not at safepoint (normal execution)

VM Mutex/Monitor currently owned by a thread: None

Heap address: 0x0000000080000000, size: 2048 MB, Compressed Oops mode: 32-bit

CDS archive(s) not mapped
Compressed class space mapped at: 0x0000000100000000-0x0000000140000000, reserved size: 1073741824
Narrow klass base: 0x0000000000000000, Narrow klass shift: 3, Narrow klass range: 0x140000000

GC Precious Log:
 CPUs: 12 total, 12 available
 Memory: 15722M
 Large Page Support: Disabled
 NUMA Support: Disabled
 Compressed Oops: Enabled (32-bit)
 Heap Region Size: 1M
 Heap Min Capacity: 8M
 Heap Initial Capacity: 246M
 Heap Max Capacity: 2G
 Pre-touch: Disabled
 Parallel Workers: 10
 Concurrent Workers: 3
 Concurrent Refinement Workers: 10
 Periodic GC: Disabled

Heap:
 garbage-first heap   total 147456K, used 89056K [0x0000000080000000, 0x0000000100000000)
  region size 1024K, 18 young (18432K), 4 survivors (4096K)
 Metaspace       used 78794K, committed 79488K, reserved 1179648K
  class space    used 10719K, committed 11072K, reserved 1048576K

Heap Regions: E=young(eden), S=young(survivor), O=old, HS=humongous(starts), HC=humongous(continues), CS=collection set, F=free, OA=open archive, CA=closed archive, TAMS=top-at-mark-start (previous, next)
|   0|0x0000000080000000, 0x0000000080100000, 0x0000000080100000|100%|HS|  |TAMS 0x0000000080100000, 0x0000000080100000| Complete 
|   1|0x0000000080100000, 0x0000000080200000, 0x0000000080200000|100%|HC|  |TAMS 0x0000000080200000, 0x0000000080200000| Complete 
|   2|0x0000000080200000, 0x0000000080300000, 0x0000000080300000|100%|HC|  |TAMS 0x0000000080300000, 0x0000000080300000| Complete 
|   3|0x0000000080300000, 0x0000000080400000, 0x0000000080400000|100%|HC|  |TAMS 0x0000000080400000, 0x0000000080400000| Complete 
|   4|0x0000000080400000, 0x0000000080500000, 0x0000000080500000|100%| O|  |TAMS 0x0000000080500000, 0x0000000080500000| Untracked 
|   5|0x0000000080500000, 0x0000000080600000, 0x0000000080600000|100%| O|  |TAMS 0x0000000080600000, 0x0000000080600000| Untracked 
|   6|0x0000000080600000, 0x0000000080700000, 0x0000000080700000|100%| O|  |TAMS 0x0000000080700000, 0x0000000080700000| Untracked 
|   7|0x0000000080700000, 0x0000000080800000, 0x0000000080800000|100%| O|  |TAMS 0x0000000080800000, 0x0000000080800000| Untracked 
|   8|0x0000000080800000, 0x0000000080900000, 0x0000000080900000|100%| O|  |TAMS 0x0000000080900000, 0x0000000080900000| Untracked 
|   9|0x0000000080900000, 0x0000000080a00000, 0x0000000080a00000|100%| O|  |TAMS 0x0000000080a00000, 0x0000000080a00000| Untracked 
|  10|0x0000000080a00000, 0x0000000080b00000, 0x0000000080b00000|100%| O|  |TAMS 0x0000000080b00000, 0x0000000080b00000| Untracked 
|  11|0x0000000080b00000, 0x0000000080c00000, 0x0000000080c00000|100%| O|  |TAMS 0x0000000080c00000, 0x0000000080c00000| Untracked 
|  12|0x0000000080c00000, 0x0000000080d00000, 0x0000000080d00000|100%| O|  |TAMS 0x0000000080d00000, 0x0000000080d00000| Untracked 
|  13|0x0000000080d00000, 0x0000000080e00000, 0x0000000080e00000|100%| O|  |TAMS 0x0000000080e00000, 0x0000000080e00000| Untracked 
|  14|0x0000000080e00000, 0x0000000080f00000, 0x0000000080f00000|100%| O|  |TAMS 0x0000000080f00000, 0x0000000080f00000| Untracked 
|  15|0x0000000080f00000, 0x0000000081000000, 0x0000000081000000|100%| O|  |TAMS 0x0000000081000000, 0x0000000081000000| Untracked 
|  16|0x0000000081000000, 0x0000000081100000, 0x0000000081100000|100%| O|  |TAMS 0x0000000081100000, 0x0000000081100000| Untracked 
|  17|0x0000000081100000, 0x0000000081200000, 0x0000000081200000|100%| O|  |TAMS 0x0000000081200000, 0x0000000081200000| Untracked 
|  18|0x0000000081200000, 0x0000000081300000, 0x0000000081300000|100%| O|  |TAMS 0x0000000081300000, 0x0000000081300000| Untracked 
|  19|0x0000000081300000, 0x0000000081400000, 0x0000000081400000|100%| O|  |TAMS 0x0000000081400000, 0x0000000081400000| Untracked 
|  20|0x0000000081400000, 0x0000000081500000, 0x0000000081500000|100%|HS|  |TAMS 0x0000000081500000, 0x0000000081500000| Complete 
|  21|0x0000000081500000, 0x0000000081600000, 0x0000000081600000|100%| O|  |TAMS 0x0000000081600000, 0x0000000081600000| Untracked 
|  22|0x0000000081600000, 0x0000000081700000, 0x0000000081700000|100%| O|  |TAMS 0x0000000081700000, 0x0000000081700000| Untracked 
|  23|0x0000000081700000, 0x0000000081800000, 0x0000000081800000|100%| O|  |TAMS 0x0000000081800000, 0x0000000081800000| Untracked 
|  24|0x0000000081800000, 0x0000000081900000, 0x0000000081900000|100%| O|  |TAMS 0x0000000081900000, 0x0000000081900000| Untracked 
|  25|0x0000000081900000, 0x0000000081a00000, 0x0000000081a00000|100%| O|  |TAMS 0x0000000081a00000, 0x0000000081a00000| Untracked 
|  26|0x0000000081a00000, 0x0000000081b00000, 0x0000000081b00000|100%| O|  |TAMS 0x0000000081b00000, 0x0000000081b00000| Untracked 
|  27|0x0000000081b00000, 0x0000000081c00000, 0x0000000081c00000|100%| O|  |TAMS 0x0000000081c00000, 0x0000000081c00000| Untracked 
|  28|0x0000000081c00000, 0x0000000081d00000, 0x0000000081d00000|100%|HS|  |TAMS 0x0000000081d00000, 0x0000000081d00000| Complete 
|  29|0x0000000081d00000, 0x0000000081e00000, 0x0000000081e00000|100%|HS|  |TAMS 0x0000000081e00000, 0x0000000081e00000| Complete 
|  30|0x0000000081e00000, 0x0000000081f00000, 0x0000000081f00000|100%|HS|  |TAMS 0x0000000081f00000, 0x0000000081f00000| Complete 
|  31|0x0000000081f00000, 0x0000000082000000, 0x0000000082000000|100%|HC|  |TAMS 0x0000000082000000, 0x0000000082000000| Complete 
|  32|0x0000000082000000, 0x0000000082100000, 0x0000000082100000|100%|HS|  |TAMS 0x0000000082100000, 0x0000000082100000| Complete 
|  33|0x0000000082100000, 0x0000000082200000, 0x0000000082200000|100%|HC|  |TAMS 0x0000000082200000, 0x0000000082200000| Complete 
|  34|0x0000000082200000, 0x0000000082300000, 0x0000000082300000|100%| O|  |TAMS 0x0000000082300000, 0x0000000082300000| Untracked 
|  35|0x0000000082300000, 0x0000000082400000, 0x0000000082400000|100%| O|  |TAMS 0x0000000082400000, 0x0000000082400000| Untracked 
|  36|0x0000000082400000, 0x0000000082500000, 0x0000000082500000|100%| O|  |TAMS 0x0000000082500000, 0x0000000082500000| Untracked 
|  37|0x0000000082500000, 0x0000000082600000, 0x0000000082600000|100%| O|  |TAMS 0x00000000825e3800, 0x0000000082600000| Untracked 
|  38|0x0000000082600000, 0x0000000082700000, 0x0000000082700000|100%|HS|  |TAMS 0x0000000082700000, 0x0000000082700000| Complete 
|  39|0x0000000082700000, 0x0000000082800000, 0x0000000082800000|100%|HC|  |TAMS 0x0000000082800000, 0x0000000082800000| Complete 
|  40|0x0000000082800000, 0x0000000082900000, 0x0000000082900000|100%|HC|  |TAMS 0x0000000082900000, 0x0000000082900000| Complete 
|  41|0x0000000082900000, 0x0000000082a00000, 0x0000000082a00000|100%|HC|  |TAMS 0x0000000082a00000, 0x0000000082a00000| Complete 
|  42|0x0000000082a00000, 0x0000000082b00000, 0x0000000082b00000|100%| O|  |TAMS 0x0000000082a00000, 0x0000000082b00000| Untracked 
|  43|0x0000000082b00000, 0x0000000082c00000, 0x0000000082c00000|100%|HS|  |TAMS 0x0000000082c00000, 0x0000000082c00000| Complete 
|  44|0x0000000082c00000, 0x0000000082d00000, 0x0000000082d00000|100%|HS|  |TAMS 0x0000000082d00000, 0x0000000082d00000| Complete 
|  45|0x0000000082d00000, 0x0000000082e00000, 0x0000000082e00000|100%| O|  |TAMS 0x0000000082d00000, 0x0000000082e00000| Untracked 
|  46|0x0000000082e00000, 0x0000000082f00000, 0x0000000082f00000|100%| O|  |TAMS 0x0000000082e00000, 0x0000000082f00000| Untracked 
|  47|0x0000000082f00000, 0x0000000083000000, 0x0000000083000000|100%| O|  |TAMS 0x0000000082f00000, 0x0000000083000000| Untracked 
|  48|0x0000000083000000, 0x0000000083100000, 0x0000000083100000|100%| O|  |TAMS 0x0000000083000000, 0x0000000083100000| Untracked 
|  49|0x0000000083100000, 0x0000000083200000, 0x0000000083200000|100%| O|  |TAMS 0x0000000083100000, 0x0000000083200000| Untracked 
|  50|0x0000000083200000, 0x0000000083300000, 0x0000000083300000|100%| O|  |TAMS 0x0000000083200000, 0x0000000083300000| Untracked 
|  51|0x0000000083300000, 0x0000000083400000, 0x0000000083400000|100%| O|  |TAMS 0x0000000083300000, 0x0000000083400000| Untracked 
|  52|0x0000000083400000, 0x0000000083500000, 0x0000000083500000|100%| O|  |TAMS 0x0000000083400000, 0x0000000083500000| Untracked 
|  53|0x0000000083500000, 0x0000000083600000, 0x0000000083600000|100%| O|  |TAMS 0x0000000083500000, 0x0000000083600000| Untracked 
|  54|0x0000000083600000, 0x0000000083700000, 0x0000000083700000|100%| O|  |TAMS 0x0000000083600000, 0x0000000083700000| Untracked 
|  55|0x0000000083700000, 0x0000000083800000, 0x0000000083800000|100%| O|  |TAMS 0x0000000083700000, 0x0000000083800000| Untracked 
|  56|0x0000000083800000, 0x0000000083900000, 0x0000000083900000|100%| O|  |TAMS 0x0000000083800000, 0x0000000083900000| Untracked 
|  57|0x0000000083900000, 0x0000000083a00000, 0x0000000083a00000|100%| O|  |TAMS 0x0000000083900000, 0x0000000083a00000| Untracked 
|  58|0x0000000083a00000, 0x0000000083b00000, 0x0000000083b00000|100%| O|  |TAMS 0x0000000083a00000, 0x0000000083b00000| Untracked 
|  59|0x0000000083b00000, 0x0000000083c00000, 0x0000000083c00000|100%|HS|  |TAMS 0x0000000083b00000, 0x0000000083b00000| Complete 
|  60|0x0000000083c00000, 0x0000000083d00000, 0x0000000083d00000|100%|HC|  |TAMS 0x0000000083c00000, 0x0000000083c00000| Complete 
|  61|0x0000000083d00000, 0x0000000083e00000, 0x0000000083e00000|100%|HC|  |TAMS 0x0000000083d00000, 0x0000000083d00000| Complete 
|  62|0x0000000083e00000, 0x0000000083f00000, 0x0000000083f00000|100%|HC|  |TAMS 0x0000000083e00000, 0x0000000083e00000| Complete 
|  63|0x0000000083f00000, 0x0000000084000000, 0x0000000084000000|100%| O|  |TAMS 0x0000000083f00000, 0x0000000083f00000| Untracked 
|  64|0x0000000084000000, 0x0000000084100000, 0x0000000084100000|100%| O|  |TAMS 0x0000000084000000, 0x0000000084100000| Untracked 
|  65|0x0000000084100000, 0x0000000084200000, 0x0000000084200000|100%| O|  |TAMS 0x0000000084100000, 0x0000000084200000| Untracked 
|  66|0x0000000084200000, 0x0000000084300000, 0x0000000084300000|100%| O|  |TAMS 0x0000000084200000, 0x0000000084300000| Untracked 
|  67|0x0000000084300000, 0x0000000084400000, 0x0000000084400000|100%| O|  |TAMS 0x0000000084300000, 0x00000000843ea200| Untracked 
|  68|0x0000000084400000, 0x0000000084500000, 0x0000000084500000|100%| O|  |TAMS 0x0000000084400000, 0x0000000084400000| Untracked 
|  69|0x0000000084500000, 0x00000000845ffa00, 0x0000000084600000| 99%| O|  |TAMS 0x0000000084500000, 0x0000000084500000| Untracked 
|  70|0x0000000084600000, 0x0000000084600000, 0x0000000084700000|  0%| F|  |TAMS 0x0000000084600000, 0x0000000084600000| Untracked 
|  71|0x0000000084700000, 0x0000000084700000, 0x0000000084800000|  0%| F|  |TAMS 0x0000000084700000, 0x0000000084700000| Untracked 
|  72|0x0000000084800000, 0x0000000084800000, 0x0000000084900000|  0%| F|  |TAMS 0x0000000084800000, 0x0000000084800000| Untracked 
|  73|0x0000000084900000, 0x0000000084900000, 0x0000000084a00000|  0%| F|  |TAMS 0x0000000084900000, 0x0000000084900000| Untracked 
|  74|0x0000000084a00000, 0x0000000084a00000, 0x0000000084b00000|  0%| F|  |TAMS 0x0000000084a00000, 0x0000000084a00000| Untracked 
|  75|0x0000000084b00000, 0x0000000084b00000, 0x0000000084c00000|  0%| F|  |TAMS 0x0000000084b00000, 0x0000000084b00000| Untracked 
|  76|0x0000000084c00000, 0x0000000084c00000, 0x0000000084d00000|  0%| F|  |TAMS 0x0000000084c00000, 0x0000000084c00000| Untracked 
|  77|0x0000000084d00000, 0x0000000084d00000, 0x0000000084e00000|  0%| F|  |TAMS 0x0000000084d00000, 0x0000000084d00000| Untracked 
|  78|0x0000000084e00000, 0x0000000084e00000, 0x0000000084f00000|  0%| F|  |TAMS 0x0000000084e00000, 0x0000000084e00000| Untracked 
|  79|0x0000000084f00000, 0x0000000084f00000, 0x0000000085000000|  0%| F|  |TAMS 0x0000000084f00000, 0x0000000084f00000| Untracked 
|  80|0x0000000085000000, 0x0000000085000000, 0x0000000085100000|  0%| F|  |TAMS 0x0000000085000000, 0x0000000085000000| Untracked 
|  81|0x0000000085100000, 0x0000000085100000, 0x0000000085200000|  0%| F|  |TAMS 0x0000000085100000, 0x0000000085100000| Untracked 
|  82|0x0000000085200000, 0x0000000085200000, 0x0000000085300000|  0%| F|  |TAMS 0x0000000085200000, 0x0000000085200000| Untracked 
|  83|0x0000000085300000, 0x0000000085300000, 0x0000000085400000|  0%| F|  |TAMS 0x0000000085300000, 0x0000000085300000| Untracked 
|  84|0x0000000085400000, 0x0000000085400000, 0x0000000085500000|  0%| F|  |TAMS 0x0000000085400000, 0x0000000085400000| Untracked 
|  85|0x0000000085500000, 0x0000000085500000, 0x0000000085600000|  0%| F|  |TAMS 0x0000000085500000, 0x0000000085500000| Untracked 
|  86|0x0000000085600000, 0x0000000085600000, 0x0000000085700000|  0%| F|  |TAMS 0x0000000085600000, 0x0000000085600000| Untracked 
|  87|0x0000000085700000, 0x00000000857f87f0, 0x0000000085800000| 97%| S|CS|TAMS 0x0000000085700000, 0x0000000085700000| Complete 
|  88|0x0000000085800000, 0x0000000085900000, 0x0000000085900000|100%| S|CS|TAMS 0x0000000085800000, 0x0000000085800000| Complete 
|  89|0x0000000085900000, 0x0000000085a00000, 0x0000000085a00000|100%| S|CS|TAMS 0x0000000085900000, 0x0000000085900000| Complete 
|  90|0x0000000085a00000, 0x0000000085b00000, 0x0000000085b00000|100%| S|CS|TAMS 0x0000000085a00000, 0x0000000085a00000| Complete 
|  91|0x0000000085b00000, 0x0000000085b00000, 0x0000000085c00000|  0%| F|  |TAMS 0x0000000085b00000, 0x0000000085b00000| Untracked 
|  92|0x0000000085c00000, 0x0000000085c00000, 0x0000000085d00000|  0%| F|  |TAMS 0x0000000085c00000, 0x0000000085c00000| Untracked 
|  93|0x0000000085d00000, 0x0000000085d00000, 0x0000000085e00000|  0%| F|  |TAMS 0x0000000085d00000, 0x0000000085d00000| Untracked 
|  94|0x0000000085e00000, 0x0000000085e00000, 0x0000000085f00000|  0%| F|  |TAMS 0x0000000085e00000, 0x0000000085e00000| Untracked 
|  95|0x0000000085f00000, 0x0000000085f00000, 0x0000000086000000|  0%| F|  |TAMS 0x0000000085f00000, 0x0000000085f00000| Untracked 
|  96|0x0000000086000000, 0x0000000086000000, 0x0000000086100000|  0%| F|  |TAMS 0x0000000086000000, 0x0000000086000000| Untracked 
|  97|0x0000000086100000, 0x0000000086100000, 0x0000000086200000|  0%| F|  |TAMS 0x0000000086100000, 0x0000000086100000| Untracked 
|  98|0x0000000086200000, 0x0000000086200000, 0x0000000086300000|  0%| F|  |TAMS 0x0000000086200000, 0x0000000086200000| Untracked 
|  99|0x0000000086300000, 0x0000000086300000, 0x0000000086400000|  0%| F|  |TAMS 0x0000000086300000, 0x0000000086300000| Untracked 
| 100|0x0000000086400000, 0x0000000086400000, 0x0000000086500000|  0%| F|  |TAMS 0x0000000086400000, 0x0000000086400000| Untracked 
| 101|0x0000000086500000, 0x0000000086500000, 0x0000000086600000|  0%| F|  |TAMS 0x0000000086500000, 0x0000000086500000| Untracked 
| 102|0x0000000086600000, 0x0000000086600000, 0x0000000086700000|  0%| F|  |TAMS 0x0000000086600000, 0x0000000086600000| Untracked 
| 103|0x0000000086700000, 0x0000000086700000, 0x0000000086800000|  0%| F|  |TAMS 0x0000000086700000, 0x0000000086700000| Untracked 
| 104|0x0000000086800000, 0x0000000086800000, 0x0000000086900000|  0%| F|  |TAMS 0x0000000086800000, 0x0000000086800000| Untracked 
| 105|0x0000000086900000, 0x0000000086900000, 0x0000000086a00000|  0%| F|  |TAMS 0x0000000086900000, 0x0000000086900000| Untracked 
| 106|0x0000000086a00000, 0x0000000086a00000, 0x0000000086b00000|  0%| F|  |TAMS 0x0000000086a00000, 0x0000000086a00000| Untracked 
| 107|0x0000000086b00000, 0x0000000086b00000, 0x0000000086c00000|  0%| F|  |TAMS 0x0000000086b00000, 0x0000000086b00000| Untracked 
| 108|0x0000000086c00000, 0x0000000086c00000, 0x0000000086d00000|  0%| F|  |TAMS 0x0000000086c00000, 0x0000000086c00000| Untracked 
| 109|0x0000000086d00000, 0x0000000086d00000, 0x0000000086e00000|  0%| F|  |TAMS 0x0000000086d00000, 0x0000000086d00000| Untracked 
| 110|0x0000000086e00000, 0x0000000086e00000, 0x0000000086f00000|  0%| F|  |TAMS 0x0000000086e00000, 0x0000000086e00000| Untracked 
| 111|0x0000000086f00000, 0x0000000086f00000, 0x0000000087000000|  0%| F|  |TAMS 0x0000000086f00000, 0x0000000086f00000| Untracked 
| 112|0x0000000087000000, 0x0000000087000000, 0x0000000087100000|  0%| F|  |TAMS 0x0000000087000000, 0x0000000087000000| Untracked 
| 113|0x0000000087100000, 0x0000000087100000, 0x0000000087200000|  0%| F|  |TAMS 0x0000000087100000, 0x0000000087100000| Untracked 
| 114|0x0000000087200000, 0x0000000087200000, 0x0000000087300000|  0%| F|  |TAMS 0x0000000087200000, 0x0000000087200000| Untracked 
| 115|0x0000000087300000, 0x0000000087300000, 0x0000000087400000|  0%| F|  |TAMS 0x0000000087300000, 0x0000000087300000| Untracked 
| 116|0x0000000087400000, 0x0000000087400000, 0x0000000087500000|  0%| F|  |TAMS 0x0000000087400000, 0x0000000087400000| Untracked 
| 117|0x0000000087500000, 0x0000000087500000, 0x0000000087600000|  0%| F|  |TAMS 0x0000000087500000, 0x0000000087500000| Untracked 
| 118|0x0000000087600000, 0x0000000087600000, 0x0000000087700000|  0%| F|  |TAMS 0x0000000087600000, 0x0000000087600000| Untracked 
| 119|0x0000000087700000, 0x0000000087700000, 0x0000000087800000|  0%| F|  |TAMS 0x0000000087700000, 0x0000000087700000| Untracked 
| 120|0x0000000087800000, 0x0000000087800000, 0x0000000087900000|  0%| F|  |TAMS 0x0000000087800000, 0x0000000087800000| Untracked 
| 121|0x0000000087900000, 0x0000000087900000, 0x0000000087a00000|  0%| F|  |TAMS 0x0000000087900000, 0x0000000087900000| Untracked 
| 122|0x0000000087a00000, 0x0000000087a00000, 0x0000000087b00000|  0%| F|  |TAMS 0x0000000087a00000, 0x0000000087a00000| Untracked 
| 123|0x0000000087b00000, 0x0000000087b00000, 0x0000000087c00000|  0%| F|  |TAMS 0x0000000087b00000, 0x0000000087b00000| Untracked 
| 124|0x0000000087c00000, 0x0000000087c00000, 0x0000000087d00000|  0%| F|  |TAMS 0x0000000087c00000, 0x0000000087c00000| Untracked 
| 125|0x0000000087d00000, 0x0000000087d00000, 0x0000000087e00000|  0%| F|  |TAMS 0x0000000087d00000, 0x0000000087d00000| Untracked 
| 126|0x0000000087e00000, 0x0000000087e00000, 0x0000000087f00000|  0%| F|  |TAMS 0x0000000087e00000, 0x0000000087e00000| Untracked 
| 127|0x0000000087f00000, 0x0000000087f00000, 0x0000000088000000|  0%| F|  |TAMS 0x0000000087f00000, 0x0000000087f00000| Untracked 
| 128|0x0000000088000000, 0x0000000088000000, 0x0000000088100000|  0%| F|  |TAMS 0x0000000088000000, 0x0000000088000000| Untracked 
| 129|0x0000000088100000, 0x0000000088180800, 0x0000000088200000| 50%| E|  |TAMS 0x0000000088100000, 0x0000000088100000| Complete 
| 130|0x0000000088200000, 0x0000000088300000, 0x0000000088300000|100%| E|CS|TAMS 0x0000000088200000, 0x0000000088200000| Complete 
| 131|0x0000000088300000, 0x0000000088400000, 0x0000000088400000|100%| E|CS|TAMS 0x0000000088300000, 0x0000000088300000| Complete 
| 132|0x0000000088400000, 0x0000000088500000, 0x0000000088500000|100%| E|CS|TAMS 0x0000000088400000, 0x0000000088400000| Complete 
| 133|0x0000000088500000, 0x0000000088600000, 0x0000000088600000|100%| E|CS|TAMS 0x0000000088500000, 0x0000000088500000| Complete 
| 134|0x0000000088600000, 0x0000000088700000, 0x0000000088700000|100%| E|CS|TAMS 0x0000000088600000, 0x0000000088600000| Complete 
| 191|0x000000008bf00000, 0x000000008c000000, 0x000000008c000000|100%| E|CS|TAMS 0x000000008bf00000, 0x000000008bf00000| Complete 
| 192|0x000000008c000000, 0x000000008c100000, 0x000000008c100000|100%| E|CS|TAMS 0x000000008c000000, 0x000000008c000000| Complete 
| 193|0x000000008c100000, 0x000000008c200000, 0x000000008c200000|100%| E|CS|TAMS 0x000000008c100000, 0x000000008c100000| Complete 
| 194|0x000000008c200000, 0x000000008c300000, 0x000000008c300000|100%| E|CS|TAMS 0x000000008c200000, 0x000000008c200000| Complete 
| 195|0x000000008c300000, 0x000000008c400000, 0x000000008c400000|100%| E|CS|TAMS 0x000000008c300000, 0x000000008c300000| Complete 
| 196|0x000000008c400000, 0x000000008c500000, 0x000000008c500000|100%| E|CS|TAMS 0x000000008c400000, 0x000000008c400000| Complete 
| 197|0x000000008c500000, 0x000000008c600000, 0x000000008c600000|100%| E|CS|TAMS 0x000000008c500000, 0x000000008c500000| Complete 
| 198|0x000000008c600000, 0x000000008c700000, 0x000000008c700000|100%| E|CS|TAMS 0x000000008c600000, 0x000000008c600000| Complete 
| 245|0x000000008f500000, 0x000000008f600000, 0x000000008f600000|100%| E|CS|TAMS 0x000000008f500000, 0x000000008f500000| Complete 

Card table byte_map: [0x000002026d090000,0x000002026d490000] _byte_map_base: 0x000002026cc90000

Marking Bits (Prev, Next): (CMBitMap*) 0x000002025a2b9f90, (CMBitMap*) 0x000002025a2b9f50
 Prev Bits: [0x000002026f890000, 0x0000020271890000)
 Next Bits: [0x000002026d890000, 0x000002026f890000)

Polling page: 0x0000020258240000

Metaspace:

Usage:
  Non-class:     66.50 MB used.
      Class:     10.47 MB used.
       Both:     76.97 MB used.

Virtual space:
  Non-class space:      128.00 MB reserved,      66.81 MB ( 52%) committed,  2 nodes.
      Class space:        1.00 GB reserved,      10.81 MB (  1%) committed,  1 nodes.
             Both:        1.12 GB reserved,      77.62 MB (  7%) committed. 

Chunk freelists:
   Non-Class:  12.56 MB
       Class:  5.18 MB
        Both:  17.75 MB

MaxMetaspaceSize: unlimited
CompressedClassSpaceSize: 1.00 GB
Initial GC threshold: 21.00 MB
Current GC threshold: 98.38 MB
CDS: off
MetaspaceReclaimPolicy: balanced
 - commit_granule_bytes: 65536.
 - commit_granule_words: 8192.
 - virtual_space_node_default_size: 8388608.
 - enlarge_chunks_in_place: 1.
 - new_chunks_are_fully_committed: 0.
 - uncommit_free_chunks: 1.
 - use_allocation_guard: 0.
 - handle_deallocations: 1.


Internal statistics:

num_allocs_failed_limit: 9.
num_arena_births: 830.
num_arena_deaths: 0.
num_vsnodes_births: 3.
num_vsnodes_deaths: 0.
num_space_committed: 1242.
num_space_uncommitted: 0.
num_chunks_returned_to_freelist: 9.
num_chunks_taken_from_freelist: 3599.
num_chunk_merges: 6.
num_chunk_splits: 2386.
num_chunks_enlarged: 1622.
num_inconsistent_stats: 0.

CodeHeap 'non-profiled nmethods': size=120000Kb used=3978Kb max_used=3978Kb free=116021Kb
 bounds [0x0000020265200000, 0x00000202655f0000, 0x000002026c730000]
CodeHeap 'profiled nmethods': size=120000Kb used=13632Kb max_used=13632Kb free=106367Kb
 bounds [0x000002025d730000, 0x000002025e490000, 0x0000020264c60000]
CodeHeap 'non-nmethods': size=5760Kb used=1678Kb max_used=1722Kb free=4081Kb
 bounds [0x0000020264c60000, 0x0000020264ed0000, 0x0000020265200000]
 total_blobs=7966 nmethods=7203 adapters=675
 compilation: enabled
              stopped_count=0, restarted_count=0
 full_count=0

Compilation events (20 events):
Event: 15.116 Thread 0x00000202744167a0 7876       3       org.gradle.tooling.internal.provider.runner.PluginApplicationTracker::discardState (15 bytes)
Event: 15.116 Thread 0x00000202744167a0 nmethod 7876 0x000002025e45a390 code [0x000002025e45a540, 0x000002025e45a728]
Event: 15.182 Thread 0x00000202744167a0 7877       3       com.google.common.collect.LinkedHashMultimap::create (11 bytes)
Event: 15.183 Thread 0x00000202744167a0 nmethod 7877 0x000002025e45a810 code [0x000002025e45a9c0, 0x000002025e45ab48]
Event: 15.183 Thread 0x00000202744167a0 7878       3       com.google.common.collect.LinkedHashMultimap::<init> (44 bytes)
Event: 15.184 Thread 0x00000202744167a0 nmethod 7878 0x000002025e45ac10 code [0x000002025e45aea0, 0x000002025e45b968]
Event: 15.195 Thread 0x00000202744167a0 7879       3       org.gradle.api.internal.DefaultDomainObjectCollection$IteratorImpl::hasNext (10 bytes)
Event: 15.195 Thread 0x00000202744167a0 nmethod 7879 0x000002025e45bd10 code [0x000002025e45bec0, 0x000002025e45c088]
Event: 15.224 Thread 0x00000202744167a0 7880       3       sun.reflect.generics.tree.Wildcard::accept (8 bytes)
Event: 15.225 Thread 0x00000202744167a0 nmethod 7880 0x000002025e45c190 code [0x000002025e45c380, 0x000002025e45c848]
Event: 15.225 Thread 0x00000202744167a0 7881       3       sun.reflect.generics.visitor.Reifier::visitWildcard (22 bytes)
Event: 15.225 Thread 0x00000202744167a0 nmethod 7881 0x000002025e45ca90 code [0x000002025e45cc60, 0x000002025e45d088]
Event: 15.226 Thread 0x00000202744167a0 7882       3       sun.reflect.generics.reflectiveObjects.WildcardTypeImpl::make (11 bytes)
Event: 15.226 Thread 0x00000202744167a0 nmethod 7882 0x000002025e45d290 code [0x000002025e45d440, 0x000002025e45d7b8]
Event: 15.226 Thread 0x00000202744167a0 7883       1       sun.reflect.generics.tree.ClassSignature::getFormalTypeParameters (5 bytes)
Event: 15.226 Thread 0x00000202744167a0 nmethod 7883 0x00000202655dee90 code [0x00000202655df020, 0x00000202655df0f8]
Event: 15.227 Thread 0x00000202744167a0 7884       3       org.objectweb.asm.AnnotationVisitor::<init> (94 bytes)
Event: 15.228 Thread 0x00000202744167a0 nmethod 7884 0x000002025e45d910 code [0x000002025e45db60, 0x000002025e45e468]
Event: 15.228 Thread 0x00000202744167a0 7885       3       org.gradle.internal.instantiation.generator.AsmBackedClassGenerator$ClassBuilderImpl$LocalMethodVisitorScope::putServiceRegistryOnStack (56 bytes)
Event: 15.229 Thread 0x00000202744167a0 nmethod 7885 0x000002025e45e710 code [0x000002025e45e980, 0x000002025e45f578]

GC Heap History (20 events):
Event: 6.842 GC heap before
{Heap before GC invocations=11 (full 0):
 garbage-first heap   total 68608K, used 28419K [0x0000000080000000, 0x0000000100000000)
  region size 1024K, 5 young (5120K), 4 survivors (4096K)
 Metaspace       used 40963K, committed 41280K, reserved 1114112K
  class space    used 5423K, committed 5568K, reserved 1048576K
}
Event: 6.847 GC heap after
{Heap after GC invocations=12 (full 0):
 garbage-first heap   total 68608K, used 27780K [0x0000000080000000, 0x0000000100000000)
  region size 1024K, 1 young (1024K), 1 survivors (1024K)
 Metaspace       used 40963K, committed 41280K, reserved 1114112K
  class space    used 5423K, committed 5568K, reserved 1048576K
}
Event: 7.139 GC heap before
{Heap before GC invocations=12 (full 0):
 garbage-first heap   total 68608K, used 52356K [0x0000000080000000, 0x0000000100000000)
  region size 1024K, 25 young (25600K), 1 survivors (1024K)
 Metaspace       used 41938K, committed 42368K, reserved 1114112K
  class space    used 5585K, committed 5760K, reserved 1048576K
}
Event: 7.142 GC heap after
{Heap after GC invocations=13 (full 0):
 garbage-first heap   total 147456K, used 29012K [0x0000000080000000, 0x0000000100000000)
  region size 1024K, 2 young (2048K), 2 survivors (2048K)
 Metaspace       used 41938K, committed 42368K, reserved 1114112K
  class space    used 5585K, committed 5760K, reserved 1048576K
}
Event: 8.996 GC heap before
{Heap before GC invocations=13 (full 0):
 garbage-first heap   total 147456K, used 103764K [0x0000000080000000, 0x0000000100000000)
  region size 1024K, 74 young (75776K), 2 survivors (2048K)
 Metaspace       used 51432K, committed 51904K, reserved 1114112K
  class space    used 7007K, committed 7232K, reserved 1048576K
}
Event: 9.002 GC heap after
{Heap after GC invocations=14 (full 0):
 garbage-first heap   total 147456K, used 33232K [0x0000000080000000, 0x0000000100000000)
  region size 1024K, 6 young (6144K), 6 survivors (6144K)
 Metaspace       used 51432K, committed 51904K, reserved 1114112K
  class space    used 7007K, committed 7232K, reserved 1048576K
}
Event: 10.911 GC heap before
{Heap before GC invocations=14 (full 0):
 garbage-first heap   total 147456K, used 116176K [0x0000000080000000, 0x0000000100000000)
  region size 1024K, 80 young (81920K), 6 survivors (6144K)
 Metaspace       used 56628K, committed 57216K, reserved 1114112K
  class space    used 7743K, committed 8000K, reserved 1048576K
}
Event: 10.921 GC heap after
{Heap after GC invocations=15 (full 0):
 garbage-first heap   total 147456K, used 49038K [0x0000000080000000, 0x0000000100000000)
  region size 1024K, 10 young (10240K), 10 survivors (10240K)
 Metaspace       used 56628K, committed 57216K, reserved 1114112K
  class space    used 7743K, committed 8000K, reserved 1048576K
}
Event: 11.572 GC heap before
{Heap before GC invocations=15 (full 0):
 garbage-first heap   total 147456K, used 101262K [0x0000000080000000, 0x0000000100000000)
  region size 1024K, 55 young (56320K), 10 survivors (10240K)
 Metaspace       used 59741K, committed 60288K, reserved 1114112K
  class space    used 8168K, committed 8448K, reserved 1048576K
}
Event: 11.581 GC heap after
{Heap after GC invocations=16 (full 0):
 garbage-first heap   total 147456K, used 61008K [0x0000000080000000, 0x0000000100000000)
  region size 1024K, 6 young (6144K), 6 survivors (6144K)
 Metaspace       used 59741K, committed 60288K, reserved 1114112K
  class space    used 8168K, committed 8448K, reserved 1048576K
}
Event: 12.435 GC heap before
{Heap before GC invocations=17 (full 0):
 garbage-first heap   total 147456K, used 110160K [0x0000000080000000, 0x0000000100000000)
  region size 1024K, 54 young (55296K), 6 survivors (6144K)
 Metaspace       used 64715K, committed 65344K, reserved 1114112K
  class space    used 8822K, committed 9088K, reserved 1048576K
}
Event: 12.440 GC heap after
{Heap after GC invocations=18 (full 0):
 garbage-first heap   total 147456K, used 62092K [0x0000000080000000, 0x0000000100000000)
  region size 1024K, 2 young (2048K), 2 survivors (2048K)
 Metaspace       used 64715K, committed 65344K, reserved 1114112K
  class space    used 8822K, committed 9088K, reserved 1048576K
}
Event: 12.764 GC heap before
{Heap before GC invocations=18 (full 0):
 garbage-first heap   total 147456K, used 88716K [0x0000000080000000, 0x0000000100000000)
  region size 1024K, 24 young (24576K), 2 survivors (2048K)
 Metaspace       used 66733K, committed 67392K, reserved 1114112K
  class space    used 9066K, committed 9408K, reserved 1048576K
}
Event: 12.771 GC heap after
{Heap after GC invocations=19 (full 0):
 garbage-first heap   total 147456K, used 69803K [0x0000000080000000, 0x0000000100000000)
  region size 1024K, 6 young (6144K), 6 survivors (6144K)
 Metaspace       used 66733K, committed 67392K, reserved 1114112K
  class space    used 9066K, committed 9408K, reserved 1048576K
}
Event: 13.530 GC heap before
{Heap before GC invocations=19 (full 0):
 garbage-first heap   total 147456K, used 115883K [0x0000000080000000, 0x0000000100000000)
  region size 1024K, 50 young (51200K), 6 survivors (6144K)
 Metaspace       used 69751K, committed 70336K, reserved 1114112K
  class space    used 9478K, committed 9792K, reserved 1048576K
}
Event: 13.536 GC heap after
{Heap after GC invocations=20 (full 0):
 garbage-first heap   total 147456K, used 68075K [0x0000000080000000, 0x0000000100000000)
  region size 1024K, 4 young (4096K), 4 survivors (4096K)
 Metaspace       used 69751K, committed 70336K, reserved 1114112K
  class space    used 9478K, committed 9792K, reserved 1048576K
}
Event: 14.165 GC heap before
{Heap before GC invocations=20 (full 0):
 garbage-first heap   total 147456K, used 97771K [0x0000000080000000, 0x0000000100000000)
  region size 1024K, 34 young (34816K), 4 survivors (4096K)
 Metaspace       used 72902K, committed 73536K, reserved 1114112K
  class space    used 9907K, committed 10240K, reserved 1048576K
}
Event: 14.170 GC heap after
{Heap after GC invocations=21 (full 0):
 garbage-first heap   total 147456K, used 69817K [0x0000000080000000, 0x0000000100000000)
  region size 1024K, 6 young (6144K), 6 survivors (6144K)
 Metaspace       used 72902K, committed 73536K, reserved 1114112K
  class space    used 9907K, committed 10240K, reserved 1048576K
}
Event: 15.041 GC heap before
{Heap before GC invocations=21 (full 0):
 garbage-first heap   total 147456K, used 122041K [0x0000000080000000, 0x0000000100000000)
  region size 1024K, 53 young (54272K), 6 survivors (6144K)
 Metaspace       used 77785K, committed 78400K, reserved 1179648K
  class space    used 10585K, committed 10880K, reserved 1048576K
}
Event: 15.047 GC heap after
{Heap after GC invocations=22 (full 0):
 garbage-first heap   total 147456K, used 75744K [0x0000000080000000, 0x0000000100000000)
  region size 1024K, 4 young (4096K), 4 survivors (4096K)
 Metaspace       used 77785K, committed 78400K, reserved 1179648K
  class space    used 10585K, committed 10880K, reserved 1048576K
}

Dll operation events (3 events):
Event: 0.024 Loaded shared library C:\Users\KGE\Desktop\umc_android\jbr\bin\java.dll
Event: 0.263 Loaded shared library C:\Users\KGE\Desktop\umc_android\jbr\bin\zip.dll
Event: 0.794 Loaded shared library C:\Users\KGE\Desktop\umc_android\jbr\bin\verify.dll

Deoptimization events (20 events):
Event: 14.899 Thread 0x000002027b40bb90 Uncommon trap: trap_request=0xffffff45 fr.pc=0x00000202652c9024 relative=0x0000000000000304
Event: 14.899 Thread 0x000002027b40bb90 Uncommon trap: reason=unstable_if action=reinterpret pc=0x00000202652c9024 method=java.lang.String.indexOf([BBILjava/lang/String;I)I @ 54 c2
Event: 14.899 Thread 0x000002027b40bb90 DEOPT PACKING pc=0x00000202652c9024 sp=0x000000885b5f7050
Event: 14.899 Thread 0x000002027b40bb90 DEOPT UNPACKING pc=0x0000020264cb69a3 sp=0x000000885b5f6fe0 mode 2
Event: 14.924 Thread 0x000002027b40bb90 Uncommon trap: trap_request=0xffffffde fr.pc=0x00000202655d98ac relative=0x000000000000054c
Event: 14.924 Thread 0x000002027b40bb90 Uncommon trap: reason=class_check action=maybe_recompile pc=0x00000202655d98ac method=kotlin.reflect.jvm.internal.impl.protobuf.CodedInputStream.tryRefillBuffer(I)Z @ 175 c2
Event: 14.924 Thread 0x000002027b40bb90 DEOPT PACKING pc=0x00000202655d98ac sp=0x000000885b5f6850
Event: 14.924 Thread 0x000002027b40bb90 DEOPT UNPACKING pc=0x0000020264cb69a3 sp=0x000000885b5f6738 mode 2
Event: 14.928 Thread 0x000002027b40bb90 Uncommon trap: trap_request=0xffffffde fr.pc=0x00000202655d98ac relative=0x000000000000054c
Event: 14.928 Thread 0x000002027b40bb90 Uncommon trap: reason=class_check action=maybe_recompile pc=0x00000202655d98ac method=kotlin.reflect.jvm.internal.impl.protobuf.CodedInputStream.tryRefillBuffer(I)Z @ 175 c2
Event: 14.928 Thread 0x000002027b40bb90 DEOPT PACKING pc=0x00000202655d98ac sp=0x000000885b5f6850
Event: 14.928 Thread 0x000002027b40bb90 DEOPT UNPACKING pc=0x0000020264cb69a3 sp=0x000000885b5f6738 mode 2
Event: 14.928 Thread 0x000002027b40bb90 Uncommon trap: trap_request=0xffffffde fr.pc=0x00000202655d98ac relative=0x000000000000054c
Event: 14.928 Thread 0x000002027b40bb90 Uncommon trap: reason=class_check action=maybe_recompile pc=0x00000202655d98ac method=kotlin.reflect.jvm.internal.impl.protobuf.CodedInputStream.tryRefillBuffer(I)Z @ 175 c2
Event: 14.928 Thread 0x000002027b40bb90 DEOPT PACKING pc=0x00000202655d98ac sp=0x000000885b5f6950
Event: 14.928 Thread 0x000002027b40bb90 DEOPT UNPACKING pc=0x0000020264cb69a3 sp=0x000000885b5f6838 mode 2
Event: 14.930 Thread 0x000002027b40bb90 Uncommon trap: trap_request=0xffffffde fr.pc=0x00000202655d98ac relative=0x000000000000054c
Event: 14.930 Thread 0x000002027b40bb90 Uncommon trap: reason=class_check action=maybe_recompile pc=0x00000202655d98ac method=kotlin.reflect.jvm.internal.impl.protobuf.CodedInputStream.tryRefillBuffer(I)Z @ 175 c2
Event: 14.930 Thread 0x000002027b40bb90 DEOPT PACKING pc=0x00000202655d98ac sp=0x000000885b5f6950
Event: 14.930 Thread 0x000002027b40bb90 DEOPT UNPACKING pc=0x0000020264cb69a3 sp=0x000000885b5f6838 mode 2

Classes unloaded (0 events):
No events

Classes redefined (0 events):
No events

Internal exceptions (20 events):
Event: 11.668 Thread 0x000002027b40bb90 Exception <a 'java/lang/NoSuchMethodError'{0x000000008c32b7a8}: 'int java.lang.invoke.DirectMethodHandle$Holder.invokeInterface(java.lang.Object, java.lang.Object, java.lang.Object, java.lang.Object)'> (0x000000008c32b7a8) 
thrown [s\src\hotspot\share\interpreter\linkResolver.cpp, line 771]
Event: 12.622 Thread 0x000002027b40bb90 Implicit null exception at 0x00000202653d0e8c to 0x00000202653d0fc2
Event: 12.814 Thread 0x000002027b40bb90 Exception <a 'sun/nio/fs/WindowsException'{0x000000008c4bc9e0}> (0x000000008c4bc9e0) 
thrown [s\src\hotspot\share\prims\jni.cpp, line 517]
Event: 13.696 Thread 0x000002027b40bb90 Implicit null exception at 0x00000202653f60c8 to 0x00000202653f6188
Event: 13.881 Thread 0x000002027b40bb90 Exception <a 'java/lang/NoSuchMethodError'{0x0000000087d487b0}: static Lorg/jetbrains/kotlin/gradle/plugin/internal/DefaultConfigurationTimePropertiesAccessorVariantFactory;.<clinit>()V> (0x0000000087d487b0) 
thrown [s\src\hotspot\share\prims\jni.cpp, line 1108]
Event: 13.883 Thread 0x000002027b40bb90 Exception <a 'java/lang/NoSuchMethodError'{0x0000000087d65ad0}: static Lorg/jetbrains/kotlin/gradle/plugin/internal/DefaultProjectIsolationStartParameterAccessorVariantFactory;.<clinit>()V> (0x0000000087d65ad0) 
thrown [s\src\hotspot\share\prims\jni.cpp, line 1108]
Event: 13.886 Thread 0x000002027b40bb90 Exception <a 'java/lang/NoSuchMethodError'{0x0000000087d8f250}: static Lorg/jetbrains/kotlin/gradle/plugin/internal/DefaultArtifactTypeAttributeAccessorVariantFactory;.<clinit>()V> (0x0000000087d8f250) 
thrown [s\src\hotspot\share\prims\jni.cpp, line 1108]
Event: 13.888 Thread 0x000002027b40bb90 Exception <a 'java/lang/NoSuchMethodError'{0x0000000087db8488}: static Lorg/jetbrains/kotlin/gradle/plugin/internal/DefaultCompatibilityConventionRegistrar$Factory;.<clinit>()V> (0x0000000087db8488) 
thrown [s\src\hotspot\share\prims\jni.cpp, line 1108]
Event: 13.891 Thread 0x000002027b40bb90 Exception <a 'java/lang/NoSuchMethodError'{0x0000000087dd62a8}: static Lorg/jetbrains/kotlin/gradle/plugin/internal/DefaultJavaSourceSetsAccessorVariantFactory;.<clinit>()V> (0x0000000087dd62a8) 
thrown [s\src\hotspot\share\prims\jni.cpp, line 1108]
Event: 13.893 Thread 0x000002027b40bb90 Exception <a 'java/lang/NoSuchMethodError'{0x0000000087df3748}: static Lorg/jetbrains/kotlin/gradle/plugin/internal/DefaultIdeaSyncDetectorVariantFactory;.<clinit>()V> (0x0000000087df3748) 
thrown [s\src\hotspot\share\prims\jni.cpp, line 1108]
Event: 13.895 Thread 0x000002027b40bb90 Exception <a 'java/lang/NoSuchMethodError'{0x0000000087c126a8}: static Lorg/jetbrains/kotlin/gradle/plugin/internal/DefaultKotlinTestReportCompatibilityHelperVariantFactory;.<clinit>()V> (0x0000000087c126a8) 
thrown [s\src\hotspot\share\prims\jni.cpp, line 1108]
Event: 13.897 Thread 0x000002027b40bb90 Exception <a 'java/lang/NoSuchMethodError'{0x0000000087c30a38}: static Lorg/jetbrains/kotlin/gradle/plugin/internal/DefaultMppTestReportHelperVariantFactory;.<clinit>()V> (0x0000000087c30a38) 
thrown [s\src\hotspot\share\prims\jni.cpp, line 1108]
Event: 13.899 Thread 0x000002027b40bb90 Exception <a 'java/lang/NoSuchMethodError'{0x0000000087c5a4e8}: static Lorg/jetbrains/kotlin/gradle/plugin/internal/DefaultConfigurationCacheStartParameterAccessorVariantFactory;.<clinit>()V> (0x0000000087c5a4e8) 
thrown [s\src\hotspot\share\prims\jni.cpp, line 1108]
Event: 13.901 Thread 0x000002027b40bb90 Exception <a 'java/lang/NoSuchMethodError'{0x0000000087c79528}: static Lorg/jetbrains/kotlin/gradle/plugin/internal/MavenPluginConfigurator$DefaultMavenPluginConfiguratorVariantFactory;.<clinit>()V> (0x0000000087c79528) 
thrown [s\src\hotspot\share\prims\jni.cpp, line 1108]
Event: 13.903 Thread 0x000002027b40bb90 Exception <a 'java/lang/NoSuchMethodError'{0x0000000087c96fd0}: static Lorg/jetbrains/kotlin/gradle/targets/js/nodejs/DefaultUnameExecutorVariantFactory;.<clinit>()V> (0x0000000087c96fd0) 
thrown [s\src\hotspot\share\prims\jni.cpp, line 1108]
Event: 13.905 Thread 0x000002027b40bb90 Exception <a 'java/lang/NoSuchMethodError'{0x0000000087cb4f20}: static Lorg/jetbrains/kotlin/gradle/plugin/internal/DefaultBasePluginConfigurationVariantFactory;.<clinit>()V> (0x0000000087cb4f20) 
thrown [s\src\hotspot\share\prims\jni.cpp, line 1108]
Event: 13.930 Thread 0x000002027b40bb90 Exception <a 'java/lang/IncompatibleClassChangeError'{0x0000000087b6cae8}: Found class java.lang.Object, but interface was expected> (0x0000000087b6cae8) 
thrown [s\src\hotspot\share\interpreter\linkResolver.cpp, line 838]
Event: 14.219 Thread 0x000002027b40bb90 Implicit null exception at 0x0000020265441d59 to 0x0000020265441ef8
Event: 14.562 Thread 0x000002027b40bb90 Implicit null exception at 0x000002026523f672 to 0x000002026523fc40
Event: 14.725 Thread 0x000002027b40bb90 Implicit null exception at 0x000002026524fdf2 to 0x00000202652503d0

VM Operations (20 events):
Event: 12.581 Executing VM operation: HandshakeAllThreads
Event: 12.581 Executing VM operation: HandshakeAllThreads done
Event: 12.636 Executing VM operation: HandshakeAllThreads
Event: 12.636 Executing VM operation: HandshakeAllThreads done
Event: 12.764 Executing VM operation: G1TryInitiateConcMark
Event: 12.771 Executing VM operation: G1TryInitiateConcMark done
Event: 13.500 Executing VM operation: HandshakeAllThreads
Event: 13.500 Executing VM operation: HandshakeAllThreads done
Event: 13.530 Executing VM operation: G1CollectForAllocation
Event: 13.536 Executing VM operation: G1CollectForAllocation done
Event: 13.823 Executing VM operation: HandshakeAllThreads
Event: 13.823 Executing VM operation: HandshakeAllThreads done
Event: 14.164 Executing VM operation: G1TryInitiateConcMark
Event: 14.170 Executing VM operation: G1TryInitiateConcMark done
Event: 14.350 Executing VM operation: HandshakeAllThreads
Event: 14.350 Executing VM operation: HandshakeAllThreads done
Event: 14.401 Executing VM operation: HandshakeAllThreads
Event: 14.401 Executing VM operation: HandshakeAllThreads done
Event: 15.041 Executing VM operation: G1CollectForAllocation
Event: 15.047 Executing VM operation: G1CollectForAllocation done

Events (20 events):
Event: 13.995 loading class jdk/jfr/FlightRecorderListener done
Event: 13.995 loading class jdk/management/jfr/FlightRecorderMXBeanImpl$MXBeanListener done
Event: 14.097 loading class java/time/format/DateTimeFormatterBuilder$WeekBasedFieldPrinterParser
Event: 14.098 loading class java/time/format/DateTimeFormatterBuilder$WeekBasedFieldPrinterParser done
Event: 14.131 loading class com/sun/jmx/mbeanserver/StandardMBeanSupport
Event: 14.131 loading class com/sun/jmx/mbeanserver/StandardMBeanSupport done
Event: 14.131 loading class com/sun/jmx/mbeanserver/StandardMBeanIntrospector
Event: 14.132 loading class com/sun/jmx/mbeanserver/StandardMBeanIntrospector done
Event: 14.145 Thread 0x000002027d46b930 Thread added: 0x000002027d46b930
Event: 14.217 loading class sun/reflect/misc/MethodUtil
Event: 14.218 loading class sun/reflect/misc/MethodUtil done
Event: 14.218 loading class sun/reflect/misc/MethodUtil$1
Event: 14.218 loading class sun/reflect/misc/MethodUtil$1 done
Event: 14.225 loading class java/nio/channels/Channels$1
Event: 14.225 loading class java/nio/channels/Channels$1 done
Event: 14.406 Thread 0x0000020274418cd0 flushing nmethod 0x000002025d9c7a10
Event: 14.883 loading class java/util/ArrayList$SubList$1
Event: 14.883 loading class java/util/ArrayList$SubList$1 done
Event: 14.910 loading class java/lang/Override
Event: 14.910 loading class java/lang/Override done


Dynamic libraries:
0x00007ff781430000 - 0x00007ff78143a000 	C:\Users\KGE\Desktop\umc_android\jbr\bin\java.exe
0x00007ff842410000 - 0x00007ff842626000 	C:\WINDOWS\SYSTEM32\ntdll.dll
0x00007ff840d20000 - 0x00007ff840de4000 	C:\WINDOWS\System32\KERNEL32.DLL
0x00007ff83fce0000 - 0x00007ff840087000 	C:\WINDOWS\System32\KERNELBASE.dll
0x00007ff83f730000 - 0x00007ff83f841000 	C:\WINDOWS\System32\ucrtbase.dll
0x00007ff82c330000 - 0x00007ff82c347000 	C:\Users\KGE\Desktop\umc_android\jbr\bin\jli.dll
0x00007ff831f00000 - 0x00007ff831f1b000 	C:\Users\KGE\Desktop\umc_android\jbr\bin\VCRUNTIME140.dll
0x00007ff842220000 - 0x00007ff8423ce000 	C:\WINDOWS\System32\USER32.dll
0x00007ff83f960000 - 0x00007ff83f986000 	C:\WINDOWS\System32\win32u.dll
0x00007ff841d00000 - 0x00007ff841d29000 	C:\WINDOWS\System32\GDI32.dll
0x00007ff83f990000 - 0x00007ff83faa9000 	C:\WINDOWS\System32\gdi32full.dll
0x00007ff83f8c0000 - 0x00007ff83f95a000 	C:\WINDOWS\System32\msvcp_win.dll
0x00007ff828e60000 - 0x00007ff8290f3000 	C:\WINDOWS\WinSxS\amd64_microsoft.windows.common-controls_6595b64144ccf1df_6.0.22621.3235_none_270f74e173860f98\COMCTL32.dll
0x00007ff840420000 - 0x00007ff8404c7000 	C:\WINDOWS\System32\msvcrt.dll
0x00007ff840b70000 - 0x00007ff840ba1000 	C:\WINDOWS\System32\IMM32.DLL
0x00007ff837be0000 - 0x00007ff837bec000 	C:\Users\KGE\Desktop\umc_android\jbr\bin\vcruntime140_1.dll
0x00007ff830ac0000 - 0x00007ff830b4d000 	C:\Users\KGE\Desktop\umc_android\jbr\bin\msvcp140.dll
0x00007fffd9600000 - 0x00007fffda283000 	C:\Users\KGE\Desktop\umc_android\jbr\bin\server\jvm.dll
0x00007ff8406d0000 - 0x00007ff840782000 	C:\WINDOWS\System32\ADVAPI32.dll
0x00007ff840e50000 - 0x00007ff840ef8000 	C:\WINDOWS\System32\sechost.dll
0x00007ff840110000 - 0x00007ff840138000 	C:\WINDOWS\System32\bcrypt.dll
0x00007ff840300000 - 0x00007ff840415000 	C:\WINDOWS\System32\RPCRT4.dll
0x00007ff837a80000 - 0x00007ff837ab4000 	C:\WINDOWS\SYSTEM32\WINMM.dll
0x00007ff8391b0000 - 0x00007ff8391b9000 	C:\WINDOWS\SYSTEM32\WSOCK32.dll
0x00007ff83f450000 - 0x00007ff83f49d000 	C:\WINDOWS\SYSTEM32\POWRPROF.dll
0x00007ff8405e0000 - 0x00007ff840651000 	C:\WINDOWS\System32\WS2_32.dll
0x00007ff8369d0000 - 0x00007ff8369da000 	C:\WINDOWS\SYSTEM32\VERSION.dll
0x00007ff83f430000 - 0x00007ff83f443000 	C:\WINDOWS\SYSTEM32\UMPDC.dll
0x00007ff83e770000 - 0x00007ff83e788000 	C:\WINDOWS\SYSTEM32\kernel.appcore.dll
0x00007ff83c790000 - 0x00007ff83c79a000 	C:\Users\KGE\Desktop\umc_android\jbr\bin\jimage.dll
0x00007ff83d240000 - 0x00007ff83d473000 	C:\WINDOWS\SYSTEM32\DBGHELP.DLL
0x00007ff8407e0000 - 0x00007ff840b68000 	C:\WINDOWS\System32\combase.dll
0x00007ff841c20000 - 0x00007ff841cf7000 	C:\WINDOWS\System32\OLEAUT32.dll
0x00007ff82d860000 - 0x00007ff82d892000 	C:\WINDOWS\SYSTEM32\dbgcore.DLL
0x00007ff840090000 - 0x00007ff840109000 	C:\WINDOWS\System32\bcryptPrimitives.dll
0x00007ff8337a0000 - 0x00007ff8337ae000 	C:\Users\KGE\Desktop\umc_android\jbr\bin\instrument.dll
0x00007ff83a980000 - 0x00007ff83a9a5000 	C:\Users\KGE\Desktop\umc_android\jbr\bin\java.dll
0x00007ff838ee0000 - 0x00007ff838ef8000 	C:\Users\KGE\Desktop\umc_android\jbr\bin\zip.dll
0x00007ff840f40000 - 0x00007ff84179c000 	C:\WINDOWS\System32\SHELL32.dll
0x00007ff83d690000 - 0x00007ff83df89000 	C:\WINDOWS\SYSTEM32\windows.storage.dll
0x00007ff83d550000 - 0x00007ff83d68e000 	C:\WINDOWS\SYSTEM32\wintypes.dll
0x00007ff841d30000 - 0x00007ff841e23000 	C:\WINDOWS\System32\SHCORE.dll
0x00007ff840df0000 - 0x00007ff840e4e000 	C:\WINDOWS\System32\shlwapi.dll
0x00007ff83f660000 - 0x00007ff83f681000 	C:\WINDOWS\SYSTEM32\profapi.dll
0x00007ff831f20000 - 0x00007ff831f39000 	C:\Users\KGE\Desktop\umc_android\jbr\bin\net.dll
0x00007ff83a370000 - 0x00007ff83a4a6000 	C:\WINDOWS\SYSTEM32\WINHTTP.dll
0x00007ff83ebe0000 - 0x00007ff83ec49000 	C:\WINDOWS\system32\mswsock.dll
0x00007ff830f90000 - 0x00007ff830fa6000 	C:\Users\KGE\Desktop\umc_android\jbr\bin\nio.dll
0x00007ff838ed0000 - 0x00007ff838ee0000 	C:\Users\KGE\Desktop\umc_android\jbr\bin\verify.dll
0x00007ff82b170000 - 0x00007ff82b197000 	C:\Users\KGE\.gradle\native\c067742578af261105cb4f569cf0c3c89f3d7b1fecec35dd04571415982c5e48\windows-amd64\native-platform.dll
0x00007ff803de0000 - 0x00007ff803f24000 	C:\Users\KGE\.gradle\native\38dada09dfb8b06ba9b0570ebf7e218e3eb74d4ef43ca46872605cf95ebc2f47\windows-amd64\native-platform-file-events.dll
0x00007ff83b5c0000 - 0x00007ff83b5c9000 	C:\Users\KGE\Desktop\umc_android\jbr\bin\management.dll
0x00007ff83a8a0000 - 0x00007ff83a8ab000 	C:\Users\KGE\Desktop\umc_android\jbr\bin\management_ext.dll
0x00007ff8406c0000 - 0x00007ff8406c8000 	C:\WINDOWS\System32\PSAPI.DLL
0x00007ff83ee40000 - 0x00007ff83ee5b000 	C:\WINDOWS\SYSTEM32\CRYPTSP.dll
0x00007ff83e6d0000 - 0x00007ff83e705000 	C:\WINDOWS\system32\rsaenh.dll
0x00007ff83ece0000 - 0x00007ff83ed08000 	C:\WINDOWS\SYSTEM32\USERENV.dll
0x00007ff83f1c0000 - 0x00007ff83f1cc000 	C:\WINDOWS\SYSTEM32\CRYPTBASE.dll
0x00007ff83e1f0000 - 0x00007ff83e21d000 	C:\WINDOWS\SYSTEM32\IPHLPAPI.DLL
0x00007ff840560000 - 0x00007ff840569000 	C:\WINDOWS\System32\NSI.dll
0x00007ff839e20000 - 0x00007ff839e39000 	C:\WINDOWS\SYSTEM32\dhcpcsvc6.DLL
0x00007ff839e00000 - 0x00007ff839e1f000 	C:\WINDOWS\SYSTEM32\dhcpcsvc.DLL
0x00007ff83e220000 - 0x00007ff83e319000 	C:\WINDOWS\SYSTEM32\DNSAPI.dll
0x00007ff83c780000 - 0x00007ff83c788000 	C:\WINDOWS\system32\wshunix.dll

dbghelp: loaded successfully - version: 4.0.5 - missing functions: none
symbol engine: initialized successfully - sym options: 0x614 - pdb path: .;C:\Users\KGE\Desktop\umc_android\jbr\bin;C:\WINDOWS\SYSTEM32;C:\WINDOWS\WinSxS\amd64_microsoft.windows.common-controls_6595b64144ccf1df_6.0.22621.3235_none_270f74e173860f98;C:\Users\KGE\Desktop\umc_android\jbr\bin\server;C:\Users\KGE\.gradle\native\c067742578af261105cb4f569cf0c3c89f3d7b1fecec35dd04571415982c5e48\windows-amd64;C:\Users\KGE\.gradle\native\38dada09dfb8b06ba9b0570ebf7e218e3eb74d4ef43ca46872605cf95ebc2f47\windows-amd64

VM Arguments:
jvm_args: --add-opens=java.base/java.util=ALL-UNNAMED --add-opens=java.base/java.lang=ALL-UNNAMED --add-opens=java.base/java.lang.invoke=ALL-UNNAMED --add-opens=java.prefs/java.util.prefs=ALL-UNNAMED --add-opens=java.base/java.nio.charset=ALL-UNNAMED --add-opens=java.base/java.net=ALL-UNNAMED --add-opens=java.base/java.util.concurrent.atomic=ALL-UNNAMED -Xmx2048m -Dfile.encoding=UTF-8 -Duser.country=KR -Duser.language=ko -Duser.variant -javaagent:C:\Users\KGE\.gradle\wrapper\dists\gradle-8.4-bin\1w5dpkrfk8irigvoxmyhowfim\gradle-8.4\lib\agents\gradle-instrumentation-agent-8.4.jar 
java_command: org.gradle.launcher.daemon.bootstrap.GradleDaemon 8.4
java_class_path (initial): C:\Users\KGE\.gradle\wrapper\dists\gradle-8.4-bin\1w5dpkrfk8irigvoxmyhowfim\gradle-8.4\lib\gradle-launcher-8.4.jar
Launcher Type: SUN_STANDARD

[Global flags]
     intx CICompilerCount                          = 4                                         {product} {ergonomic}
     uint ConcGCThreads                            = 3                                         {product} {ergonomic}
     uint G1ConcRefinementThreads                  = 10                                        {product} {ergonomic}
   size_t G1HeapRegionSize                         = 1048576                                   {product} {ergonomic}
    uintx GCDrainStackTargetSize                   = 64                                        {product} {ergonomic}
   size_t InitialHeapSize                          = 257949696                                 {product} {ergonomic}
   size_t MarkStackSize                            = 4194304                                   {product} {ergonomic}
   size_t MaxHeapSize                              = 2147483648                                {product} {command line}
   size_t MaxNewSize                               = 1287651328                                {product} {ergonomic}
   size_t MinHeapDeltaBytes                        = 1048576                                   {product} {ergonomic}
   size_t MinHeapSize                              = 8388608                                   {product} {ergonomic}
    uintx NonNMethodCodeHeapSize                   = 5839372                                {pd product} {ergonomic}
    uintx NonProfiledCodeHeapSize                  = 122909434                              {pd product} {ergonomic}
    uintx ProfiledCodeHeapSize                     = 122909434                              {pd product} {ergonomic}
    uintx ReservedCodeCacheSize                    = 251658240                              {pd product} {ergonomic}
     bool SegmentedCodeCache                       = true                                      {product} {ergonomic}
   size_t SoftMaxHeapSize                          = 2147483648                             {manageable} {ergonomic}
     bool UseCompressedClassPointers               = true                           {product lp64_product} {ergonomic}
     bool UseCompressedOops                        = true                           {product lp64_product} {ergonomic}
     bool UseG1GC                                  = true                                      {product} {ergonomic}
     bool UseLargePagesIndividualAllocation        = false                                  {pd product} {ergonomic}

Logging:
Log output configuration:
 #0: stdout all=warning uptime,level,tags
 #1: stderr all=off uptime,level,tags

Environment Variables:
PATH=C:\Program Files (x86)\Common Files\Oracle\Java\javapath;C:\Program Files\Microsoft\jdk-11.0.12.7-hotspot\bin;C:\Windows\system32;C:\Windows;C:\Windows\System32\Wbem;C:\Windows\System32\WindowsPowerShell\v1.0\;C:\Windows\System32\OpenSSH\;C:\Program Files\PuTTY\;C:\Program Files\dotnet\;C:\Program Files\Git\cmd;C:\WINDOWS\system32;C:\WINDOWS;C:\WINDOWS\System32\Wbem;C:\WINDOWS\System32\WindowsPowerShell\v1.0\;C:\WINDOWS\System32\OpenSSH\;C:\Program Files\MySQL\MySQL Shell 8.0\bin\;C:\Users\KGE\AppData\Local\Programs\Python\Python39\Scripts\;C:\Users\KGE\AppData\Local\Programs\Python\Python39\;C:\Users\KGE\AppData\Local\Microsoft\WindowsApps;C:\Users\KGE\.dotnet\tools;C:\Users\KGE\Desktop\PyCharm Community Edition 2023.2.4\bin;;
USERNAME=KGE
OS=Windows_NT
PROCESSOR_IDENTIFIER=AMD64 Family 23 Model 104 Stepping 1, AuthenticAMD
TMP=C:\Users\KGE\AppData\Local\Temp
TEMP=C:\Users\KGE\AppData\Local\Temp



Periodic native trim disabled

JNI global refs:
JNI global refs: 28, weak refs: 12

JNI global refs memory usage: 843, weak refs: 841

OOME stack traces (most recent first):
Classloader memory used:
