#
# There is insufficient memory for the Java Runtime Environment to continue.
# Native memory allocation (mmap) failed to map 257949696 bytes for G1 virtual space
# Possible reasons:
#   The system is out of physical RAM or swap space
#   The process is running with CompressedOops enabled, and the Java Heap may be blocking the growth of the native heap
# Possible solutions:
#   Reduce memory load on the system
#   Increase physical memory or swap space
#   Check if swap backing store is full
#   Decrease Java heap size (-Xmx/-Xms)
#   Decrease number of Java threads
#   Decrease Java thread stack sizes (-Xss)
#   Set larger code cache with -XX:ReservedCodeCacheSize=
#   JVM is running with Zero Based Compressed Oops mode in which the Java heap is
#     placed in the first 32GB address space. The Java Heap base address is the
#     maximum limit for the native heap growth. Please use -XX:HeapBaseMinAddress
#     to set the Java Heap base and to place the Java Heap above 32GB virtual address.
# This output file may be truncated or incomplete.
#
#  Out of Memory Error (os_windows.cpp:3825), pid=11140, tid=17252
#
# JRE version:  (17.0.9) (build )
# Java VM: OpenJDK 64-Bit Server VM (17.0.9+0--11185874, mixed mode, sharing, tiered, compressed oops, compressed class ptrs, g1 gc, windows-amd64)
# No core dump will be written. Minidumps are not enabled by default on client versions of Windows
#

---------------  S U M M A R Y ------------

Command Line: git4idea.http.GitAskPassApp Username for 'https://github.com': 

Host: AMD Ryzen 5 5500U with Radeon Graphics         , 12 cores, 15G,  Windows 11 , 64 bit Build 22621 (10.0.22621.3374)
Time: Sat Jun  1 22:43:01 2024  Windows 11 , 64 bit Build 22621 (10.0.22621.3374) elapsed time: 0.015202 seconds (0d 0h 0m 0s)

---------------  T H R E A D  ---------------

Current thread (0x0000017c202fccf0):  JavaThread "Unknown thread" [_thread_in_vm, id=17252, stack(0x0000003835200000,0x0000003835300000)]

Stack: [0x0000003835200000,0x0000003835300000]
Native frames: (J=compiled Java code, j=interpreted, Vv=VM code, C=native code)
V  [jvm.dll+0x6886e9]
V  [jvm.dll+0x841e4a]
V  [jvm.dll+0x843a8e]
V  [jvm.dll+0x8440f3]
V  [jvm.dll+0x24c14f]
V  [jvm.dll+0x685499]
V  [jvm.dll+0x679c2a]
V  [jvm.dll+0x30cf9b]
V  [jvm.dll+0x314446]
V  [jvm.dll+0x36425e]
V  [jvm.dll+0x36448f]
V  [jvm.dll+0x2e2d68]
V  [jvm.dll+0x2e3cd4]
V  [jvm.dll+0x8129f1]
V  [jvm.dll+0x3720c1]
V  [jvm.dll+0x7f152c]
V  [jvm.dll+0x3f5d4f]
V  [jvm.dll+0x3f7981]
C  [jli.dll+0x528f]
C  [ucrtbase.dll+0x29333]
C  [KERNEL32.DLL+0x1257d]
C  [ntdll.dll+0x5aa48]


---------------  P R O C E S S  ---------------

Threads class SMR info:
_java_thread_list=0x00007fffdc50ef18, length=0, elements={
}

Java Threads: ( => current thread )

Other Threads:
  0x0000017c20364550 GCTaskThread "GC Thread#0" [stack: 0x0000003835300000,0x0000003835400000] [id=13200]
  0x0000017c20374a60 ConcurrentGCThread "G1 Main Marker" [stack: 0x0000003835400000,0x0000003835500000] [id=12692]
  0x0000017c20375480 ConcurrentGCThread "G1 Conc#0" [stack: 0x0000003835500000,0x0000003835600000] [id=9748]

[error occurred during error reporting (printing all threads), id 0xc0000005, EXCEPTION_ACCESS_VIOLATION (0xc0000005) at pc=0x00007fffdbcc3937]

VM state: not at safepoint (not fully initialized)

VM Mutex/Monitor currently owned by a thread:  ([mutex/lock_event])
[0x0000017c202f9560] Heap_lock - owner thread: 0x0000017c202fccf0

Heap address: 0x000000070a400000, size: 3932 MB, Compressed Oops mode: Zero based, Oop shift amount: 3

CDS archive(s) mapped at: [0x0000000000000000-0x0000000000000000-0x0000000000000000), size 0, SharedBaseAddress: 0x0000000800000000, ArchiveRelocationMode: 1.
Narrow klass base: 0x0000000000000000, Narrow klass shift: 0, Narrow klass range: 0x0

GC Precious Log:
<Empty>

Heap:
 garbage-first heap   total 0K, used 0K [0x000000070a400000, 0x0000000800000000)
  region size 2048K, 0 young (0K), 0 survivors (0K)
 Metaspace       used 0K, committed 0K, reserved 0K
  class space    used 0K, committed 0K, reserved 0K

Heap Regions: E=young(eden), S=young(survivor), O=old, HS=humongous(starts), HC=humongous(continues), CS=collection set, F=free, OA=open archive, CA=closed archive, TAMS=top-at-mark-start (previous, next)

Card table byte_map: [0x0000017c35400000,0x0000017c35bb0000] _byte_map_base: 0x0000017c31bae000

Marking Bits (Prev, Next): (CMBitMap*) 0x0000017c20364b70, (CMBitMap*) 0x0000017c20364bb0
 Prev Bits: [0x0000017c36360000, 0x0000017c3a0d0000)
 Next Bits: [0x0000017c3a0d0000, 0x0000017c3de40000)

GC Heap History (0 events):
No events

Dll operation events (1 events):
Event: 0.010 Loaded shared library C:\Users\KGE\Desktop\umc_android\jbr\bin\java.dll

Deoptimization events (0 events):
No events

Classes unloaded (0 events):
No events

Classes redefined (0 events):
No events

Internal exceptions (0 events):
No events

VM Operations (0 events):
No events

Events (0 events):
No events


Dynamic libraries:
0x00007ff7e0150000 - 0x00007ff7e015a000 	C:\Users\KGE\Desktop\umc_android\jbr\bin\java.exe
0x00007ff842410000 - 0x00007ff842626000 	C:\WINDOWS\SYSTEM32\ntdll.dll
0x00007ff840d20000 - 0x00007ff840de4000 	C:\WINDOWS\System32\KERNEL32.DLL
0x00007ff83fce0000 - 0x00007ff840087000 	C:\WINDOWS\System32\KERNELBASE.dll
0x00007ff83f730000 - 0x00007ff83f841000 	C:\WINDOWS\System32\ucrtbase.dll
0x00007ff806c00000 - 0x00007ff806c17000 	C:\Users\KGE\Desktop\umc_android\jbr\bin\jli.dll
0x00007ff829ba0000 - 0x00007ff829bbb000 	C:\Users\KGE\Desktop\umc_android\jbr\bin\VCRUNTIME140.dll
0x00007ff842220000 - 0x00007ff8423ce000 	C:\WINDOWS\System32\USER32.dll
0x00007ff83f960000 - 0x00007ff83f986000 	C:\WINDOWS\System32\win32u.dll
0x00007ff841d00000 - 0x00007ff841d29000 	C:\WINDOWS\System32\GDI32.dll
0x00007ff83f990000 - 0x00007ff83faa9000 	C:\WINDOWS\System32\gdi32full.dll
0x00007ff83f8c0000 - 0x00007ff83f95a000 	C:\WINDOWS\System32\msvcp_win.dll
0x00007ff828e60000 - 0x00007ff8290f3000 	C:\WINDOWS\WinSxS\amd64_microsoft.windows.common-controls_6595b64144ccf1df_6.0.22621.3235_none_270f74e173860f98\COMCTL32.dll
0x00007ff840420000 - 0x00007ff8404c7000 	C:\WINDOWS\System32\msvcrt.dll
0x00007ff840b70000 - 0x00007ff840ba1000 	C:\WINDOWS\System32\IMM32.DLL
0x00007ff8322b0000 - 0x00007ff8322bc000 	C:\Users\KGE\Desktop\umc_android\jbr\bin\vcruntime140_1.dll
0x00007ff810af0000 - 0x00007ff810b7d000 	C:\Users\KGE\Desktop\umc_android\jbr\bin\msvcp140.dll
0x00007fffdb9d0000 - 0x00007fffdc653000 	C:\Users\KGE\Desktop\umc_android\jbr\bin\server\jvm.dll
0x00007ff8406d0000 - 0x00007ff840782000 	C:\WINDOWS\System32\ADVAPI32.dll
0x00007ff840e50000 - 0x00007ff840ef8000 	C:\WINDOWS\System32\sechost.dll
0x00007ff840110000 - 0x00007ff840138000 	C:\WINDOWS\System32\bcrypt.dll
0x00007ff840300000 - 0x00007ff840415000 	C:\WINDOWS\System32\RPCRT4.dll
0x00007ff83f450000 - 0x00007ff83f49d000 	C:\WINDOWS\SYSTEM32\POWRPROF.dll
0x00007ff82b270000 - 0x00007ff82b279000 	C:\WINDOWS\SYSTEM32\WSOCK32.dll
0x00007ff837a80000 - 0x00007ff837ab4000 	C:\WINDOWS\SYSTEM32\WINMM.dll
0x00007ff8405e0000 - 0x00007ff840651000 	C:\WINDOWS\System32\WS2_32.dll
0x00007ff8369d0000 - 0x00007ff8369da000 	C:\WINDOWS\SYSTEM32\VERSION.dll
0x00007ff83f430000 - 0x00007ff83f443000 	C:\WINDOWS\SYSTEM32\UMPDC.dll
0x00007ff83e770000 - 0x00007ff83e788000 	C:\WINDOWS\SYSTEM32\kernel.appcore.dll
0x00007ff830f70000 - 0x00007ff830f7a000 	C:\Users\KGE\Desktop\umc_android\jbr\bin\jimage.dll
0x00007ff83d240000 - 0x00007ff83d473000 	C:\WINDOWS\SYSTEM32\DBGHELP.DLL
0x00007ff8407e0000 - 0x00007ff840b68000 	C:\WINDOWS\System32\combase.dll
0x00007ff841c20000 - 0x00007ff841cf7000 	C:\WINDOWS\System32\OLEAUT32.dll
0x00007ff82d860000 - 0x00007ff82d892000 	C:\WINDOWS\SYSTEM32\dbgcore.DLL
0x00007ff840090000 - 0x00007ff840109000 	C:\WINDOWS\System32\bcryptPrimitives.dll
0x00007ff804380000 - 0x00007ff8043a5000 	C:\Users\KGE\Desktop\umc_android\jbr\bin\java.dll

dbghelp: loaded successfully - version: 4.0.5 - missing functions: none
symbol engine: initialized successfully - sym options: 0x614 - pdb path: .;C:\Users\KGE\Desktop\umc_android\jbr\bin;C:\WINDOWS\SYSTEM32;C:\WINDOWS\WinSxS\amd64_microsoft.windows.common-controls_6595b64144ccf1df_6.0.22621.3235_none_270f74e173860f98;C:\Users\KGE\Desktop\umc_android\jbr\bin\server

VM Arguments:
java_command: git4idea.http.GitAskPassApp Username for 'https://github.com': 
java_class_path (initial): C:/Users/KGE/Desktop/umc_android/plugins/vcs-git/lib/git4idea-rt.jar;C:/Users/KGE/Desktop/umc_android/lib/externalProcess-rt.jar
Launcher Type: SUN_STANDARD

[Global flags]
     intx CICompilerCount                          = 4                                         {product} {ergonomic}
     uint ConcGCThreads                            = 3                                         {product} {ergonomic}
     uint G1ConcRefinementThreads                  = 10                                        {product} {ergonomic}
   size_t G1HeapRegionSize                         = 2097152                                   {product} {ergonomic}
    uintx GCDrainStackTargetSize                   = 64                                        {product} {ergonomic}
   size_t InitialHeapSize                          = 257949696                                 {product} {ergonomic}
   size_t MarkStackSize                            = 4194304                                   {product} {ergonomic}
   size_t MaxHeapSize                              = 4123000832                                {product} {ergonomic}
   size_t MinHeapDeltaBytes                        = 2097152                                   {product} {ergonomic}
   size_t MinHeapSize                              = 8388608                                   {product} {ergonomic}
    uintx NonNMethodCodeHeapSize                   = 5839372                                {pd product} {ergonomic}
    uintx NonProfiledCodeHeapSize                  = 122909434                              {pd product} {ergonomic}
    uintx ProfiledCodeHeapSize                     = 122909434                              {pd product} {ergonomic}
    uintx ReservedCodeCacheSize                    = 251658240                              {pd product} {ergonomic}
     bool SegmentedCodeCache                       = true                                      {product} {ergonomic}
   size_t SoftMaxHeapSize                          = 4123000832                             {manageable} {ergonomic}
     bool UseCompressedClassPointers               = true                           {product lp64_product} {ergonomic}
     bool UseCompressedOops                        = true                           {product lp64_product} {ergonomic}
     bool UseG1GC                                  = true                                      {product} {ergonomic}
     bool UseLargePagesIndividualAllocation        = false                                  {pd product} {ergonomic}

Logging:
Log output configuration:
 #0: stdout all=warning uptime,level,tags
 #1: stderr all=off uptime,level,tags

Environment Variables:
PATH=C:\Program Files\Git\mingw64\libexec\git-core;C:\Program Files\Git\mingw64\libexec\git-core;C:\Program Files\Git\mingw64\bin;C:\Program Files\Git\usr\bin;C:\Users\KGE\bin;C:\Program Files (x86)\Common Files\Oracle\Java\javapath;C:\Program Files\Microsoft\jdk-11.0.12.7-hotspot\bin;C:\Windows\system32;C:\Windows;C:\Windows\System32\Wbem;C:\Windows\System32\WindowsPowerShell\v1.0;C:\Windows\System32\OpenSSH;C:\Program Files\PuTTY;C:\Program Files\dotnet;C:\Program Files\Git\cmd;C:\WINDOWS\system32;C:\WINDOWS;C:\WINDOWS\System32\Wbem;C:\WINDOWS\System32\WindowsPowerShell\v1.0;C:\WINDOWS\System32\OpenSSH;C:\Program Files\MySQL\MySQL Shell 8.0\bin;C:\Users\KGE\AppData\Local\Programs\Python\Python39\Scripts;C:\Users\KGE\AppData\Local\Programs\Python\Python39;C:\Users\KGE\AppData\Local\Microsoft\WindowsApps;C:\Users\KGE\.dotnet\tools;C:\Users\KGE\Desktop\PyCharm Community Edition 2023.2.4\bin
USERNAME=KGE
DISPLAY=:0.0
LC_ALL=en_US.UTF-8
TERM=xterm-256color
TMPDIR=C:\Users\KGE\AppData\Local\Temp
OS=Windows_NT
PROCESSOR_IDENTIFIER=AMD64 Family 23 Model 104 Stepping 1, AuthenticAMD
TMP=C:\Users\KGE\AppData\Local\Temp
TEMP=C:\Users\KGE\AppData\Local\Temp



Periodic native trim disabled

JNI global refs:
JNI global refs: 0, weak refs: 0

JNI global refs memory usage: 0, weak refs: 0

OOME stack traces (most recent first):
Classloader memory used:


---------------  S Y S T E M  ---------------

OS:
 Windows 11 , 64 bit Build 22621 (10.0.22621.3374)
OS uptime: 10 days 1:21 hours

CPU: total 12 (initial active 12) (12 cores per cpu, 2 threads per core) family 23 model 104 stepping 1 microcode 0x0, cx8, cmov, fxsr, ht, mmx, 3dnowpref, sse, sse2, sse3, ssse3, sse4a, sse4.1, sse4.2, popcnt, lzcnt, tsc, tscinvbit, avx, avx2, aes, clmul, bmi1, bmi2, adx, sha, fma, vzeroupper, clflush, clflushopt
Processor Information for processor 0
  Max Mhz: 2100, Current Mhz: 1988, Mhz Limit: 2100
Processor Information for processor 1
  Max Mhz: 2100, Current Mhz: 1988, Mhz Limit: 2100
Processor Information for processor 2
  Max Mhz: 2100, Current Mhz: 1988, Mhz Limit: 2100
Processor Information for processor 3
  Max Mhz: 2100, Current Mhz: 1988, Mhz Limit: 2100
Processor Information for processor 4
  Max Mhz: 2100, Current Mhz: 1988, Mhz Limit: 2100
Processor Information for processor 5
  Max Mhz: 2100, Current Mhz: 1988, Mhz Limit: 2100
Processor Information for processor 6
  Max Mhz: 2100, Current Mhz: 1988, Mhz Limit: 2100
Processor Information for processor 7
  Max Mhz: 2100, Current Mhz: 1988, Mhz Limit: 2100
Processor Information for processor 8
  Max Mhz: 2100, Current Mhz: 1988, Mhz Limit: 2100
Processor Information for processor 9
  Max Mhz: 2100, Current Mhz: 1988, Mhz Limit: 2100
Processor Information for processor 10
  Max Mhz: 2100, Current Mhz: 2100, Mhz Limit: 2100
Processor Information for processor 11
  Max Mhz: 2100, Current Mhz: 1988, Mhz Limit: 2100

Memory: 4k page, system-wide physical 15722M (3816M free)
TotalPageFile size 15722M (AvailPageFile size 88M)
current process WorkingSet (physical memory assigned to process): 11M, peak: 11M
current process commit charge ("private bytes"): 64M, peak: 310M

vm_info: OpenJDK 64-Bit Server VM (17.0.9+0--11185874) for windows-amd64 JRE (17.0.9+0--11185874), built on Dec  6 2023 18:57:44 by "androidbuild" with MS VC++ 16.10 / 16.11 (VS2019)

END.
